<?xml version="1.0" ?>
<coverage branch-rate="0.106" line-rate="0.2431" timestamp="1493373498612" version="4.3.4">
	<!-- Generated by coverage.py: https://coverage.readthedocs.io -->
	<!-- Based on https://raw.githubusercontent.com/cobertura/web/f0366e5e2cf18f111cbd61fc34ef720a6584ba02/htdocs/xml/coverage-03.dtd -->
	<sources/>
	<packages>
		<package branch-rate="0.09056" complexity="0" line-rate="0.0985" name=".usr.local.lib.python2.7.dist-packages.django.contrib.admin">
			<classes>
				<class branch-rate="1" complexity="0" filename="/usr/local/lib/python2.7/dist-packages/django/contrib/admin/__init__.py" line-rate="0.1" name="__init__.py">
					<methods/>
					<lines>
						<line hits="0" number="3"/>
						<line hits="0" number="4"/>
						<line hits="0" number="5"/>
						<line hits="0" number="7"/>
						<line hits="0" number="11"/>
						<line hits="0" number="12"/>
						<line hits="0" number="14"/>
						<line hits="0" number="23"/>
						<line hits="1" number="24"/>
						<line hits="0" number="27"/>
					</lines>
				</class>
				<class branch-rate="1" complexity="0" filename="/usr/local/lib/python2.7/dist-packages/django/contrib/admin/apps.py" line-rate="0.2308" name="apps.py">
					<methods/>
					<lines>
						<line hits="0" number="1"/>
						<line hits="0" number="2"/>
						<line hits="0" number="3"/>
						<line hits="0" number="4"/>
						<line hits="0" number="7"/>
						<line hits="0" number="10"/>
						<line hits="0" number="11"/>
						<line hits="0" number="13"/>
						<line hits="1" number="14"/>
						<line hits="0" number="17"/>
						<line hits="0" number="20"/>
						<line hits="1" number="21"/>
						<line hits="1" number="22"/>
					</lines>
				</class>
				<class branch-rate="0.2978" complexity="0" filename="/usr/local/lib/python2.7/dist-packages/django/contrib/admin/checks.py" line-rate="0.3117" name="checks.py">
					<methods/>
					<lines>
						<line hits="0" number="2"/>
						<line hits="0" number="4"/>
						<line hits="0" number="6"/>
						<line hits="0" number="9"/>
						<line hits="0" number="10"/>
						<line hits="0" number="11"/>
						<line hits="0" number="12"/>
						<line hits="0" number="17"/>
						<line hits="0" number="18"/>
						<line hits="0" number="20"/>
						<line hits="0" number="23"/>
						<line hits="0" number="25"/>
						<line hits="1" number="26"/>
						<line hits="1" number="27"/>
						<line hits="1" number="28"/>
						<line hits="1" number="29"/>
						<line hits="1" number="30"/>
						<line hits="1" number="31"/>
						<line hits="1" number="32"/>
						<line hits="1" number="33"/>
						<line hits="1" number="34"/>
						<line hits="1" number="35"/>
						<line hits="1" number="36"/>
						<line hits="1" number="37"/>
						<line hits="1" number="38"/>
						<line hits="1" number="39"/>
						<line hits="0" number="41"/>
						<line branch="true" condition-coverage="50% (1/2)" hits="1" missing-branches="46" number="45"/>
						<line hits="0" number="46"/>
						<line hits="1" number="48"/>
						<line hits="0" number="53"/>
						<line hits="0" number="58"/>
						<line hits="0" number="59"/>
						<line hits="0" number="60"/>
						<line hits="0" number="61"/>
						<line branch="true" condition-coverage="0% (0/2)" hits="0" missing-branches="65,68" number="64"/>
						<line hits="0" number="65"/>
						<line hits="0" number="68"/>
						<line hits="0" number="70"/>
						<line branch="true" condition-coverage="50% (1/2)" hits="1" missing-branches="77" number="75"/>
						<line hits="1" number="76"/>
						<line branch="true" condition-coverage="0% (0/2)" hits="0" missing-branches="78,79" number="77"/>
						<line hits="0" number="78"/>
						<line branch="true" condition-coverage="0% (0/2)" hits="0" missing-branches="80,88" number="79"/>
						<line hits="0" number="80"/>
						<line hits="0" number="88"/>
						<line branch="true" condition-coverage="0% (0/2)" hits="0" missing-branches="90,99" number="89"/>
						<line hits="0" number="90"/>
						<line hits="0" number="99"/>
						<line hits="0" number="104"/>
						<line branch="true" condition-coverage="100% (2/2)" hits="1" number="108"/>
						<line hits="1" number="109"/>
						<line branch="true" condition-coverage="50% (1/2)" hits="1" missing-branches="111" number="110"/>
						<line hits="0" number="111"/>
						<line hits="1" number="113"/>
						<line hits="0" number="118"/>
						<line branch="true" condition-coverage="50% (1/2)" hits="1" missing-branches="123" number="122"/>
						<line hits="0" number="123"/>
						<line branch="true" condition-coverage="50% (1/2)" hits="1" missing-branches="125" number="124"/>
						<line hits="0" number="125"/>
						<line branch="true" condition-coverage="50% (1/2)" hits="1" missing-branches="127" number="126"/>
						<line hits="0" number="127"/>
						<line branch="true" condition-coverage="50% (1/2)" hits="1" missing-branches="129" number="128"/>
						<line hits="0" number="129"/>
						<line branch="true" condition-coverage="50% (1/2)" hits="1" missing-branches="138" number="137"/>
						<line hits="0" number="138"/>
						<line hits="1" number="140"/>
						<line branch="true" condition-coverage="50% (1/2)" hits="1" missing-branches="142" number="141"/>
						<line hits="0" number="142"/>
						<line hits="1" number="150"/>
						<line hits="0" number="155"/>
						<line branch="true" condition-coverage="50% (1/2)" hits="1" missing-branches="161" number="160"/>
						<line hits="0" number="161"/>
						<line hits="1" number="166"/>
						<line hits="0" number="168"/>
						<line branch="true" condition-coverage="50% (1/2)" hits="1" missing-branches="173" number="169"/>
						<line hits="0" number="173"/>
						<line hits="1" number="175"/>
						<line hits="1" number="176"/>
						<line hits="0" number="177"/>
						<line hits="0" number="180"/>
						<line branch="true" condition-coverage="50% (1/2)" hits="1" missing-branches="184" number="182"/>
						<line hits="0" number="184"/>
						<line hits="1" number="195"/>
						<line hits="0" number="197"/>
						<line branch="true" condition-coverage="50% (1/2)" hits="1" missing-branches="202" number="200"/>
						<line hits="1" number="201"/>
						<line branch="true" condition-coverage="0% (0/2)" hits="0" missing-branches="203,204" number="202"/>
						<line hits="0" number="203"/>
						<line branch="true" condition-coverage="0% (0/2)" hits="0" missing-branches="205,214" number="204"/>
						<line hits="0" number="205"/>
						<line hits="0" number="214"/>
						<line hits="0" number="216"/>
						<line branch="true" condition-coverage="50% (1/2)" hits="1" missing-branches="220" number="219"/>
						<line hits="0" number="220"/>
						<line hits="1" number="223"/>
						<line hits="0" number="225"/>
						<line branch="true" condition-coverage="50% (1/2)" hits="1" missing-branches="229" number="228"/>
						<line hits="0" number="229"/>
						<line branch="true" condition-coverage="50% (1/2)" hits="1" missing-branches="231" number="230"/>
						<line hits="0" number="231"/>
						<line hits="1" number="233"/>
						<line hits="0" number="238"/>
						<line branch="true" condition-coverage="50% (1/2)" hits="1" missing-branches="242" number="241"/>
						<line hits="0" number="242"/>
						<line branch="true" condition-coverage="50% (1/2)" hits="1" missing-branches="244" number="243"/>
						<line hits="0" number="244"/>
						<line hits="1" number="246"/>
						<line hits="0" number="251"/>
						<line hits="1" number="255"/>
						<line hits="1" number="256"/>
						<line hits="0" number="257"/>
						<line hits="0" number="258"/>
						<line branch="true" condition-coverage="50% (1/2)" hits="1" missing-branches="262" number="261"/>
						<line hits="0" number="262"/>
						<line hits="1" number="264"/>
						<line hits="0" number="266"/>
						<line branch="true" condition-coverage="50% (1/2)" hits="1" missing-branches="270" number="269"/>
						<line hits="0" number="270"/>
						<line branch="true" condition-coverage="50% (1/2)" hits="1" missing-branches="272" number="271"/>
						<line hits="0" number="272"/>
						<line hits="1" number="274"/>
						<line hits="0" number="280"/>
						<line hits="0" number="284"/>
						<line hits="0" number="285"/>
						<line hits="0" number="286"/>
						<line hits="0" number="287"/>
						<line branch="true" condition-coverage="0% (0/2)" hits="0" missing-branches="291,303" number="290"/>
						<line hits="0" number="291"/>
						<line hits="0" number="303"/>
						<line hits="0" number="305"/>
						<line hits="0" number="308"/>
						<line branch="true" condition-coverage="0% (0/2)" hits="0" missing-branches="311,320" number="310"/>
						<line hits="0" number="311"/>
						<line hits="0" number="320"/>
						<line hits="0" number="322"/>
						<line branch="true" condition-coverage="50% (1/2)" hits="1" missing-branches="336" number="323"/>
						<line branch="true" condition-coverage="50% (1/2)" hits="1" missing-branches="325" number="324"/>
						<line hits="0" number="325"/>
						<line hits="1" number="334"/>
						<line hits="0" number="336"/>
						<line hits="0" number="338"/>
						<line branch="true" condition-coverage="50% (1/2)" hits="1" missing-branches="343" number="342"/>
						<line hits="0" number="343"/>
						<line branch="true" condition-coverage="50% (1/2)" hits="1" missing-branches="345" number="344"/>
						<line hits="0" number="345"/>
						<line hits="1" number="347"/>
						<line hits="0" number="353"/>
						<line hits="0" number="358"/>
						<line hits="0" number="364"/>
						<line hits="0" number="365"/>
						<line hits="0" number="366"/>
						<line hits="0" number="367"/>
						<line branch="true" condition-coverage="0% (0/2)" hits="0" missing-branches="371,383" number="370"/>
						<line hits="0" number="371"/>
						<line hits="0" number="383"/>
						<line hits="0" number="385"/>
						<line branch="true" condition-coverage="0% (0/2)" hits="0" missing-branches="390,392" number="389"/>
						<line hits="0" number="390"/>
						<line hits="0" number="392"/>
						<line hits="0" number="397"/>
						<line hits="0" number="401"/>
						<line hits="0" number="402"/>
						<line hits="0" number="403"/>
						<line hits="0" number="404"/>
						<line hits="0" number="407"/>
						<line hits="0" number="409"/>
						<line branch="true" condition-coverage="50% (1/2)" hits="1" missing-branches="414" number="413"/>
						<line hits="0" number="414"/>
						<line branch="true" condition-coverage="50% (1/2)" hits="1" missing-branches="416" number="415"/>
						<line hits="0" number="416"/>
						<line hits="1" number="418"/>
						<line hits="0" number="423"/>
						<line branch="true" condition-coverage="50% (1/2)" hits="1" missing-branches="427" number="426"/>
						<line hits="0" number="427"/>
						<line branch="true" condition-coverage="50% (1/2)" hits="1" missing-branches="437" number="436"/>
						<line hits="0" number="437"/>
						<line branch="true" condition-coverage="50% (1/2)" hits="1" missing-branches="441" number="438"/>
						<line hits="0" number="441"/>
						<line branch="true" condition-coverage="50% (1/2)" hits="1" missing-branches="444" number="443"/>
						<line hits="0" number="444"/>
						<line hits="1" number="446"/>
						<line hits="1" number="447"/>
						<line hits="0" number="448"/>
						<line hits="0" number="449"/>
						<line hits="1" number="452"/>
						<line hits="0" number="454"/>
						<line branch="true" condition-coverage="50% (1/2)" hits="1" missing-branches="459" number="457"/>
						<line hits="1" number="458"/>
						<line branch="true" condition-coverage="0% (0/2)" hits="0" missing-branches="460,462" number="459"/>
						<line hits="0" number="460"/>
						<line hits="0" number="462"/>
						<line hits="0" number="467"/>
						<line branch="true" condition-coverage="0% (0/2)" hits="0" missing-branches="469,470" number="468"/>
						<line hits="0" number="469"/>
						<line branch="true" condition-coverage="0% (0/2)" hits="0" missing-branches="471,472" number="470"/>
						<line hits="0" number="471"/>
						<line branch="true" condition-coverage="0% (0/2)" hits="0" missing-branches="473,475" number="472"/>
						<line hits="0" number="473"/>
						<line hits="0" number="475"/>
						<line hits="0" number="476"/>
						<line hits="0" number="477"/>
						<line hits="0" number="478"/>
						<line hits="0" number="489"/>
						<line hits="0" number="492"/>
						<line hits="0" number="494"/>
						<line hits="1" number="495"/>
						<line hits="1" number="496"/>
						<line hits="1" number="497"/>
						<line hits="1" number="498"/>
						<line hits="1" number="499"/>
						<line hits="1" number="500"/>
						<line hits="1" number="501"/>
						<line hits="1" number="502"/>
						<line hits="1" number="503"/>
						<line hits="1" number="504"/>
						<line hits="1" number="505"/>
						<line hits="1" number="506"/>
						<line hits="1" number="507"/>
						<line hits="1" number="508"/>
						<line hits="0" number="510"/>
						<line branch="true" condition-coverage="50% (1/2)" hits="1" missing-branches="514" number="513"/>
						<line hits="0" number="514"/>
						<line hits="1" number="517"/>
						<line hits="0" number="519"/>
						<line branch="true" condition-coverage="50% (1/2)" hits="1" missing-branches="523" number="522"/>
						<line hits="0" number="523"/>
						<line hits="1" number="526"/>
						<line hits="0" number="528"/>
						<line branch="true" condition-coverage="50% (1/2)" hits="1" missing-branches="532" number="531"/>
						<line hits="0" number="532"/>
						<line hits="1" number="534"/>
						<line hits="0" number="539"/>
						<line hits="0" number="541"/>
						<line hits="0" number="543"/>
						<line branch="true" condition-coverage="0% (0/2)" hits="0" missing-branches="546,554" number="545"/>
						<line hits="0" number="546"/>
						<line branch="true" condition-coverage="0% (0/2)" hits="0" missing-branches="555,563" number="554"/>
						<line hits="0" number="555"/>
						<line branch="true" condition-coverage="0% (0/2)" hits="0" missing-branches="564,567" number="563"/>
						<line hits="0" number="564"/>
						<line hits="0" number="567"/>
						<line hits="0" number="569"/>
						<line branch="true" condition-coverage="50% (1/2)" hits="1" missing-branches="574" number="573"/>
						<line hits="0" number="574"/>
						<line hits="1" number="576"/>
						<line hits="0" number="581"/>
						<line branch="true" condition-coverage="50% (1/2)" hits="1" missing-branches="583" number="582"/>
						<line hits="0" number="583"/>
						<line branch="true" condition-coverage="100% (2/2)" hits="1" number="584"/>
						<line hits="1" number="585"/>
						<line branch="true" condition-coverage="50% (1/2)" hits="1" missing-branches="588" number="586"/>
						<line hits="0" number="588"/>
						<line hits="0" number="589"/>
						<line hits="0" number="590"/>
						<line hits="0" number="591"/>
						<line hits="0" number="592"/>
						<line hits="0" number="593"/>
						<line hits="0" number="594"/>
						<line branch="true" condition-coverage="0% (0/2)" hits="0" missing-branches="597,608" number="596"/>
						<line hits="0" number="597"/>
						<line branch="true" condition-coverage="0% (0/2)" hits="0" missing-branches="609,618" number="608"/>
						<line hits="0" number="609"/>
						<line hits="0" number="618"/>
						<line hits="1" number="620"/>
						<line hits="1" number="621"/>
						<line hits="0" number="622"/>
						<line hits="0" number="623"/>
						<line hits="1" number="637"/>
						<line hits="0" number="639"/>
						<line branch="true" condition-coverage="50% (1/2)" hits="1" missing-branches="644" number="643"/>
						<line hits="0" number="644"/>
						<line branch="true" condition-coverage="50% (1/2)" hits="1" missing-branches="646" number="645"/>
						<line hits="0" number="646"/>
						<line hits="1" number="648"/>
						<line hits="0" number="653"/>
						<line branch="true" condition-coverage="0% (0/2)" hits="0" missing-branches="655,666" number="654"/>
						<line hits="0" number="655"/>
						<line hits="0" number="666"/>
						<line hits="0" number="668"/>
						<line branch="true" condition-coverage="50% (1/2)" hits="1" missing-branches="670" number="669"/>
						<line hits="0" number="670"/>
						<line hits="1" number="672"/>
						<line hits="0" number="677"/>
						<line hits="1" number="686"/>
						<line branch="true" condition-coverage="50% (1/2)" hits="1" missing-branches="690" number="688"/>
						<line branch="true" condition-coverage="0% (0/2)" hits="0" missing-branches="691,694" number="690"/>
						<line hits="0" number="691"/>
						<line branch="true" condition-coverage="0% (0/2)" hits="0" missing-branches="695,704" number="694"/>
						<line hits="0" number="695"/>
						<line hits="0" number="704"/>
						<line branch="true" condition-coverage="50% (1/2)" hits="1" missing-branches="707" number="705"/>
						<line hits="0" number="707"/>
						<line branch="true" condition-coverage="0% (0/2)" hits="0" missing-branches="709,712" number="708"/>
						<line hits="0" number="709"/>
						<line hits="0" number="712"/>
						<line hits="1" number="715"/>
						<line hits="1" number="718"/>
						<line hits="1" number="719"/>
						<line hits="0" number="720"/>
						<line hits="0" number="721"/>
						<line hits="1" number="730"/>
						<line hits="0" number="732"/>
						<line branch="true" condition-coverage="50% (1/2)" hits="1" missing-branches="736" number="735"/>
						<line hits="0" number="736"/>
						<line hits="1" number="739"/>
						<line hits="0" number="741"/>
						<line branch="true" condition-coverage="50% (1/2)" hits="1" missing-branches="745" number="744"/>
						<line hits="0" number="745"/>
						<line hits="1" number="747"/>
						<line hits="0" number="749"/>
						<line branch="true" condition-coverage="50% (1/2)" hits="1" missing-branches="753" number="752"/>
						<line hits="0" number="753"/>
						<line hits="1" number="755"/>
						<line hits="0" number="757"/>
						<line branch="true" condition-coverage="50% (1/2)" hits="1" missing-branches="762" number="761"/>
						<line hits="0" number="762"/>
						<line hits="1" number="764"/>
						<line hits="0" number="769"/>
						<line hits="0" number="770"/>
						<line hits="0" number="771"/>
						<line hits="0" number="772"/>
						<line hits="0" number="773"/>
						<line branch="true" condition-coverage="0% (0/2)" hits="0" missing-branches="777,788" number="776"/>
						<line hits="0" number="777"/>
						<line hits="0" number="780"/>
						<line branch="true" condition-coverage="0% (0/2)" hits="0" missing-branches="789,799" number="788"/>
						<line hits="0" number="789"/>
						<line branch="true" condition-coverage="0% (0/2)" hits="0" missing-branches="801,812" number="799"/>
						<line hits="0" number="801"/>
						<line branch="true" condition-coverage="0% (0/2)" hits="0" missing-branches="813,824" number="812"/>
						<line hits="0" number="813"/>
						<line hits="0" number="824"/>
						<line hits="0" number="826"/>
						<line branch="true" condition-coverage="50% (1/2)" hits="1" missing-branches="830" number="829"/>
						<line hits="0" number="830"/>
						<line hits="1" number="832"/>
						<line hits="0" number="834"/>
						<line branch="true" condition-coverage="50% (1/2)" hits="1" missing-branches="840" number="837"/>
						<line hits="1" number="838"/>
						<line hits="0" number="840"/>
						<line hits="0" number="841"/>
						<line hits="0" number="842"/>
						<line hits="0" number="843"/>
						<line branch="true" condition-coverage="0% (0/2)" hits="0" missing-branches="848,851" number="847"/>
						<line hits="0" number="848"/>
						<line hits="0" number="851"/>
						<line hits="0" number="854"/>
						<line hits="0" number="856"/>
						<line hits="0" number="857"/>
						<line hits="0" number="858"/>
						<line hits="0" number="859"/>
						<line hits="0" number="860"/>
						<line hits="0" number="861"/>
						<line hits="0" number="862"/>
						<line hits="0" number="863"/>
						<line hits="0" number="864"/>
						<line hits="0" number="866"/>
						<line hits="0" number="869"/>
						<line branch="true" condition-coverage="0% (0/2)" hits="0" missing-branches="871,874" number="870"/>
						<line hits="0" number="871"/>
						<line branch="true" condition-coverage="0% (0/2)" hits="0" missing-branches="875,877" number="874"/>
						<line hits="0" number="875"/>
						<line branch="true" condition-coverage="0% (0/2)" hits="0" missing-branches="878,880" number="877"/>
						<line hits="0" number="878"/>
						<line hits="0" number="880"/>
						<line branch="true" condition-coverage="0% (0/2)" hits="0" missing-branches="882,894" number="881"/>
						<line hits="0" number="882"/>
						<line hits="0" number="894"/>
						<line hits="0" number="896"/>
						<line hits="0" number="897"/>
						<line hits="0" number="898"/>
						<line hits="0" number="899"/>
						<line hits="0" number="900"/>
						<line hits="0" number="902"/>
						<line hits="0" number="904"/>
						<line branch="true" condition-coverage="0% (0/2)" hits="0" missing-branches="908,910" number="907"/>
						<line hits="0" number="908"/>
						<line hits="0" number="910"/>
						<line hits="0" number="912"/>
						<line branch="true" condition-coverage="0% (0/2)" hits="0" missing-branches="916,917" number="915"/>
						<line hits="0" number="916"/>
						<line branch="true" condition-coverage="0% (0/2)" hits="0" missing-branches="918,920" number="917"/>
						<line hits="0" number="918"/>
						<line hits="0" number="920"/>
						<line hits="0" number="922"/>
						<line branch="true" condition-coverage="0% (0/2)" hits="0" missing-branches="926,927" number="925"/>
						<line hits="0" number="926"/>
						<line branch="true" condition-coverage="0% (0/2)" hits="0" missing-branches="928,930" number="927"/>
						<line hits="0" number="928"/>
						<line hits="0" number="930"/>
						<line hits="0" number="932"/>
						<line branch="true" condition-coverage="0% (0/2)" hits="0" missing-branches="936,939" number="935"/>
						<line hits="0" number="936"/>
						<line hits="0" number="939"/>
						<line hits="0" number="942"/>
						<line hits="0" number="943"/>
						<line hits="0" number="953"/>
						<line hits="0" number="954"/>
						<line hits="0" number="964"/>
						<line hits="0" number="965"/>
					</lines>
				</class>
				<class branch-rate="0.2" complexity="0" filename="/usr/local/lib/python2.7/dist-packages/django/contrib/admin/models.py" line-rate="0.6316" name="models.py">
					<methods/>
					<lines>
						<line hits="1" number="1"/>
						<line hits="1" number="3"/>
						<line hits="1" number="4"/>
						<line hits="1" number="5"/>
						<line hits="1" number="6"/>
						<line hits="1" number="7"/>
						<line hits="1" number="8"/>
						<line hits="1" number="9"/>
						<line hits="1" number="11"/>
						<line hits="1" number="12"/>
						<line hits="1" number="13"/>
						<line hits="1" number="16"/>
						<line hits="1" number="17"/>
						<line hits="1" number="19"/>
						<line hits="0" number="20"/>
						<line hits="0" number="24"/>
						<line branch="true" condition-coverage="100% (2/2)" hits="1" number="27"/>
						<line hits="1" number="28"/>
						<line hits="1" number="29"/>
						<line hits="1" number="30"/>
						<line hits="1" number="31"/>
						<line hits="1" number="32"/>
						<line hits="1" number="33"/>
						<line hits="1" number="34"/>
						<line hits="1" number="35"/>
						<line hits="1" number="37"/>
						<line hits="1" number="39"/>
						<line hits="1" number="40"/>
						<line hits="1" number="41"/>
						<line hits="1" number="42"/>
						<line hits="1" number="43"/>
						<line hits="1" number="45"/>
						<line hits="0" number="46"/>
						<line hits="1" number="48"/>
						<line branch="true" condition-coverage="0% (0/2)" hits="0" missing-branches="50,51" number="49"/>
						<line hits="0" number="50"/>
						<line branch="true" condition-coverage="0% (0/2)" hits="0" missing-branches="52,56" number="51"/>
						<line hits="0" number="52"/>
						<line branch="true" condition-coverage="0% (0/2)" hits="0" missing-branches="57,59" number="56"/>
						<line hits="0" number="57"/>
						<line hits="0" number="59"/>
						<line hits="1" number="61"/>
						<line hits="0" number="62"/>
						<line hits="1" number="64"/>
						<line hits="0" number="65"/>
						<line hits="1" number="67"/>
						<line hits="0" number="68"/>
						<line hits="1" number="70"/>
						<line hits="0" number="72"/>
						<line hits="1" number="74"/>
						<line branch="true" condition-coverage="0% (0/2)" hits="0" missing-branches="79,84" number="78"/>
						<line hits="0" number="79"/>
						<line hits="0" number="80"/>
						<line hits="0" number="81"/>
						<line hits="0" number="82"/>
						<line hits="0" number="83"/>
						<line hits="0" number="84"/>
					</lines>
				</class>
				<class branch-rate="0.002639" complexity="0" filename="/usr/local/lib/python2.7/dist-packages/django/contrib/admin/options.py" line-rate="0.009063" name="options.py">
					<methods/>
					<lines>
						<line hits="0" number="1"/>
						<line hits="0" number="2"/>
						<line hits="0" number="3"/>
						<line hits="0" number="4"/>
						<line hits="0" number="5"/>
						<line hits="0" number="7"/>
						<line hits="0" number="8"/>
						<line hits="0" number="9"/>
						<line hits="0" number="10"/>
						<line hits="0" number="11"/>
						<line hits="0" number="14"/>
						<line hits="0" number="15"/>
						<line hits="0" number="16"/>
						<line hits="0" number="17"/>
						<line hits="0" number="21"/>
						<line hits="0" number="22"/>
						<line hits="0" number="23"/>
						<line hits="0" number="27"/>
						<line hits="0" number="28"/>
						<line hits="0" number="29"/>
						<line hits="0" number="30"/>
						<line hits="0" number="31"/>
						<line hits="0" number="32"/>
						<line hits="0" number="33"/>
						<line hits="0" number="34"/>
						<line hits="0" number="35"/>
						<line hits="0" number="39"/>
						<line hits="0" number="40"/>
						<line hits="0" number="41"/>
						<line hits="0" number="42"/>
						<line hits="0" number="43"/>
						<line hits="0" number="44"/>
						<line hits="0" number="45"/>
						<line hits="0" number="46"/>
						<line hits="0" number="47"/>
						<line hits="0" number="48"/>
						<line hits="0" number="49"/>
						<line hits="0" number="50"/>
						<line hits="0" number="51"/>
						<line hits="0" number="52"/>
						<line hits="0" number="54"/>
						<line hits="0" number="55"/>
						<line hits="0" number="58"/>
						<line hits="0" number="61"/>
						<line hits="0" number="64"/>
						<line hits="0" number="65"/>
						<line hits="0" number="68"/>
						<line hits="0" number="69"/>
						<line hits="0" number="72"/>
						<line hits="0" number="73"/>
						<line hits="0" number="78"/>
						<line hits="0" number="95"/>
						<line hits="0" number="98"/>
						<line hits="0" number="101"/>
						<line hits="0" number="102"/>
						<line hits="0" number="103"/>
						<line hits="0" number="104"/>
						<line hits="0" number="105"/>
						<line hits="0" number="106"/>
						<line hits="0" number="107"/>
						<line hits="0" number="108"/>
						<line hits="0" number="109"/>
						<line hits="0" number="110"/>
						<line hits="0" number="111"/>
						<line hits="0" number="112"/>
						<line hits="0" number="113"/>
						<line hits="0" number="114"/>
						<line hits="0" number="118"/>
						<line hits="0" number="119"/>
						<line hits="0" number="121"/>
						<line hits="0" number="123"/>
						<line hits="0" number="125"/>
						<line branch="true" condition-coverage="0% (0/2)" hits="0" missing-branches="129,131" number="128"/>
						<line hits="0" number="129"/>
						<line hits="0" number="131"/>
						<line hits="0" number="132"/>
						<line hits="0" number="134"/>
						<line branch="true" condition-coverage="50% (1/2)" hits="1" missing-branches="137" number="136"/>
						<line hits="0" number="137"/>
						<line hits="0" number="142"/>
						<line hits="0" number="143"/>
						<line hits="0" number="144"/>
						<line hits="0" number="145"/>
						<line hits="0" number="146"/>
						<line hits="0" number="148"/>
						<line hits="1" number="150"/>
						<line hits="0" number="152"/>
						<line hits="1" number="153"/>
						<line hits="1" number="154"/>
						<line hits="1" number="155"/>
						<line hits="0" number="157"/>
						<line hits="0" number="164"/>
						<line branch="true" condition-coverage="0% (0/2)" hits="0" missing-branches="169,172" number="168"/>
						<line hits="0" number="169"/>
						<line branch="true" condition-coverage="0% (0/2)" hits="0" missing-branches="177,207" number="172"/>
						<line branch="true" condition-coverage="0% (0/2)" hits="0" missing-branches="178,181" number="177"/>
						<line hits="0" number="178"/>
						<line branch="true" condition-coverage="0% (0/2)" hits="0" missing-branches="182,183" number="181"/>
						<line hits="0" number="182"/>
						<line branch="true" condition-coverage="0% (0/2)" hits="0" missing-branches="184,190" number="183"/>
						<line hits="0" number="184"/>
						<line branch="true" condition-coverage="0% (0/2)" hits="0" missing-branches="191,203" number="190"/>
						<line hits="0" number="191"/>
						<line hits="0" number="192"/>
						<line branch="true" condition-coverage="0% (0/2)" hits="0" missing-branches="194,199" number="193"/>
						<line hits="0" number="194"/>
						<line hits="0" number="199"/>
						<line hits="0" number="203"/>
						<line branch="true" condition-coverage="0% (0/2)" hits="0" missing-branches="208,213" number="207"/>
						<line branch="true" condition-coverage="0% (0/2)" hits="0" missing-branches="207,209" number="208"/>
						<line hits="0" number="209"/>
						<line hits="0" number="210"/>
						<line hits="0" number="213"/>
						<line hits="0" number="215"/>
						<line branch="true" condition-coverage="0% (0/2)" hits="0" missing-branches="222,231" number="220"/>
						<line branch="true" condition-coverage="0% (0/2)" hits="0" missing-branches="223,226" number="222"/>
						<line hits="0" number="223"/>
						<line branch="true" condition-coverage="0% (0/2)" hits="0" missing-branches="227,231" number="226"/>
						<line hits="0" number="227"/>
						<line hits="0" number="231"/>
						<line hits="0" number="233"/>
						<line hits="0" number="239"/>
						<line branch="true" condition-coverage="0% (0/2)" hits="0" missing-branches="241,244" number="240"/>
						<line hits="0" number="241"/>
						<line branch="true" condition-coverage="0% (0/2)" hits="0" missing-branches="243,244" number="242"/>
						<line hits="0" number="243"/>
						<line hits="0" number="244"/>
						<line hits="0" number="246"/>
						<line hits="0" number="250"/>
						<line branch="true" condition-coverage="0% (0/2)" hits="0" missing-branches="252,254" number="251"/>
						<line hits="0" number="252"/>
						<line branch="true" condition-coverage="0% (0/2)" hits="0" missing-branches="255,260" number="254"/>
						<line hits="0" number="255"/>
						<line hits="0" number="258"/>
						<line branch="true" condition-coverage="0% (0/2)" hits="0" missing-branches="261,265" number="260"/>
						<line hits="0" number="261"/>
						<line branch="true" condition-coverage="0% (0/2)" hits="0" missing-branches="263,265" number="262"/>
						<line hits="0" number="263"/>
						<line hits="0" number="265"/>
						<line hits="0" number="267"/>
						<line branch="true" condition-coverage="0% (0/2)" hits="0" missing-branches="274,275" number="273"/>
						<line hits="0" number="274"/>
						<line hits="0" number="275"/>
						<line branch="true" condition-coverage="0% (0/2)" hits="0" missing-branches="278,281" number="277"/>
						<line hits="0" number="278"/>
						<line hits="0" number="280"/>
						<line branch="true" condition-coverage="0% (0/2)" hits="0" missing-branches="282,287" number="281"/>
						<line hits="0" number="282"/>
						<line branch="true" condition-coverage="0% (0/2)" hits="0" missing-branches="288,292" number="287"/>
						<line hits="0" number="288"/>
						<line branch="true" condition-coverage="0% (0/2)" hits="0" missing-branches="290,292" number="289"/>
						<line hits="0" number="290"/>
						<line hits="0" number="292"/>
						<line branch="true" condition-coverage="0% (0/2)" hits="0" missing-branches="294,297" number="293"/>
						<line hits="0" number="294"/>
						<line hits="0" number="295"/>
						<line hits="0" number="296"/>
						<line hits="0" number="297"/>
						<line hits="0" number="299"/>
						<line branch="true" condition-coverage="0% (0/2)" hits="0" missing-branches="301,303" number="300"/>
						<line hits="0" number="301"/>
						<line branch="true" condition-coverage="0% (0/2)" hits="0" missing-branches="304,305" number="303"/>
						<line hits="0" number="304"/>
						<line branch="true" condition-coverage="0% (0/2)" hits="0" missing-branches="exit,307" number="305"/>
						<line hits="0" number="307"/>
						<line hits="0" number="312"/>
						<line hits="0" number="314"/>
						<line branch="true" condition-coverage="0% (0/2)" hits="0" missing-branches="321,322" number="320"/>
						<line hits="0" number="321"/>
						<line branch="true" condition-coverage="0% (0/2)" hits="0" missing-branches="323,324" number="322"/>
						<line hits="0" number="323"/>
						<line hits="0" number="324"/>
						<line hits="0" number="326"/>
						<line hits="0" number="330"/>
						<line hits="0" number="332"/>
						<line hits="0" number="340"/>
						<line hits="0" number="341"/>
						<line hits="0" number="342"/>
						<line branch="true" condition-coverage="0% (0/2)" hits="0" missing-branches="344,352" number="343"/>
						<line hits="0" number="344"/>
						<line branch="true" condition-coverage="0% (0/2)" hits="0" missing-branches="350,352" number="349"/>
						<line hits="0" number="350"/>
						<line branch="true" condition-coverage="0% (0/2)" hits="0" missing-branches="353,354" number="352"/>
						<line hits="0" number="353"/>
						<line hits="0" number="354"/>
						<line hits="0" number="356"/>
						<line hits="0" number="360"/>
						<line hits="0" number="362"/>
						<line hits="0" number="366"/>
						<line hits="0" number="368"/>
						<line hits="0" number="372"/>
						<line hits="0" number="374"/>
						<line hits="0" number="379"/>
						<line hits="0" number="381"/>
						<line branch="true" condition-coverage="0% (0/2)" hits="0" missing-branches="383,384" number="382"/>
						<line hits="0" number="383"/>
						<line hits="0" number="384"/>
						<line hits="0" number="386"/>
						<line hits="0" number="387"/>
						<line hits="0" number="389"/>
						<line branch="true" condition-coverage="0% (0/2)" hits="0" missing-branches="395,401" number="393"/>
						<line branch="true" condition-coverage="0% (0/2)" hits="0" missing-branches="396,397" number="395"/>
						<line hits="0" number="396"/>
						<line branch="true" condition-coverage="0% (0/2)" hits="0" missing-branches="393,398" number="397"/>
						<line branch="true" condition-coverage="0% (0/2)" hits="0" missing-branches="397,399" number="398"/>
						<line hits="0" number="399"/>
						<line hits="0" number="401"/>
						<line branch="true" condition-coverage="0% (0/2)" hits="0" missing-branches="406,412" number="405"/>
						<line hits="0" number="406"/>
						<line hits="0" number="412"/>
						<line branch="true" condition-coverage="0% (0/2)" hits="0" missing-branches="414,435" number="413"/>
						<line hits="0" number="414"/>
						<line hits="0" number="415"/>
						<line hits="0" number="416"/>
						<line hits="0" number="419"/>
						<line branch="true" condition-coverage="0% (0/2)" hits="0" missing-branches="421,430" number="420"/>
						<line branch="true" condition-coverage="0% (0/2)" hits="0" missing-branches="424,425" number="421"/>
						<line hits="0" number="424"/>
						<line hits="0" number="425"/>
						<line branch="true" condition-coverage="0% (0/2)" hits="0" missing-branches="427,429" number="426"/>
						<line hits="0" number="427"/>
						<line hits="0" number="429"/>
						<line branch="true" condition-coverage="0% (0/2)" hits="0" missing-branches="431,434" number="430"/>
						<line hits="0" number="431"/>
						<line hits="0" number="432"/>
						<line hits="0" number="434"/>
						<line branch="true" condition-coverage="0% (0/2)" hits="0" missing-branches="436,438" number="435"/>
						<line hits="0" number="436"/>
						<line branch="true" condition-coverage="0% (0/2)" hits="0" missing-branches="439,440" number="438"/>
						<line hits="0" number="439"/>
						<line hits="0" number="440"/>
						<line hits="0" number="441"/>
						<line branch="true" condition-coverage="0% (0/2)" hits="0" missing-branches="443,449" number="442"/>
						<line branch="true" condition-coverage="0% (0/2)" hits="0" missing-branches="444,445" number="443"/>
						<line hits="0" number="444"/>
						<line branch="true" condition-coverage="0% (0/2)" hits="0" missing-branches="446,448" number="445"/>
						<line hits="0" number="446"/>
						<line hits="0" number="448"/>
						<line hits="0" number="449"/>
						<line hits="0" number="451"/>
						<line hits="0" number="456"/>
						<line hits="0" number="458"/>
						<line hits="0" number="459"/>
						<line hits="0" number="460"/>
						<line hits="0" number="461"/>
						<line branch="true" condition-coverage="0% (0/2)" hits="0" missing-branches="466,470" number="465"/>
						<line hits="0" number="466"/>
						<line branch="true" condition-coverage="0% (0/2)" hits="0" missing-branches="471,476" number="470"/>
						<line branch="true" condition-coverage="0% (0/2)" hits="0" missing-branches="470,472" number="471"/>
						<line hits="0" number="472"/>
						<line hits="0" number="476"/>
						<line branch="true" condition-coverage="0% (0/2)" hits="0" missing-branches="478,482" number="477"/>
						<line hits="0" number="478"/>
						<line branch="true" condition-coverage="0% (0/2)" hits="0" missing-branches="477,480" number="479"/>
						<line hits="0" number="480"/>
						<line branch="true" condition-coverage="0% (0/2)" hits="0" missing-branches="exit,486" number="482"/>
						<line branch="true" condition-coverage="0% (0/2)" hits="0" missing-branches="487,492" number="486"/>
						<line hits="0" number="487"/>
						<line branch="true" condition-coverage="0% (0/3)" hits="0" missing-branches="exit,486,490" number="488"/>
						<line hits="0" number="490"/>
						<line hits="0" number="492"/>
						<line hits="0" number="494"/>
						<line hits="0" number="499"/>
						<line hits="0" number="500"/>
						<line hits="0" number="501"/>
						<line hits="0" number="503"/>
						<line hits="0" number="514"/>
						<line hits="0" number="515"/>
						<line hits="0" number="516"/>
						<line hits="0" number="518"/>
						<line hits="0" number="529"/>
						<line hits="0" number="530"/>
						<line hits="0" number="531"/>
						<line hits="0" number="533"/>
						<line hits="0" number="544"/>
						<line branch="true" condition-coverage="0% (0/2)" hits="0" missing-branches="548,549" number="547"/>
						<line hits="0" number="548"/>
						<line hits="0" number="551"/>
						<line hits="0" number="552"/>
						<line hits="0" number="553"/>
						<line hits="0" number="554"/>
						<line hits="0" number="555"/>
						<line hits="0" number="556"/>
						<line hits="0" number="557"/>
						<line hits="0" number="558"/>
						<line hits="0" number="559"/>
						<line hits="0" number="560"/>
						<line hits="0" number="561"/>
						<line hits="0" number="562"/>
						<line hits="0" number="563"/>
						<line hits="0" number="564"/>
						<line hits="0" number="567"/>
						<line hits="0" number="568"/>
						<line hits="0" number="569"/>
						<line hits="0" number="570"/>
						<line hits="0" number="571"/>
						<line hits="0" number="572"/>
						<line hits="0" number="575"/>
						<line hits="0" number="576"/>
						<line hits="0" number="577"/>
						<line hits="0" number="578"/>
						<line hits="0" number="579"/>
						<line hits="0" number="583"/>
						<line hits="0" number="585"/>
						<line hits="0" number="587"/>
						<line hits="1" number="588"/>
						<line hits="1" number="589"/>
						<line hits="1" number="590"/>
						<line hits="1" number="591"/>
						<line hits="0" number="593"/>
						<line hits="0" number="594"/>
						<line hits="0" number="596"/>
						<line hits="0" number="597"/>
						<line branch="true" condition-coverage="0% (0/2)" hits="0" missing-branches="599,609" number="598"/>
						<line hits="0" number="599"/>
						<line branch="true" condition-coverage="0% (0/2)" hits="0" missing-branches="601,607" number="600"/>
						<line branch="true" condition-coverage="0% (0/2)" hits="0" missing-branches="604,605" number="601"/>
						<line hits="0" number="604"/>
						<line branch="true" condition-coverage="0% (0/2)" hits="0" missing-branches="606,607" number="605"/>
						<line hits="0" number="606"/>
						<line hits="0" number="607"/>
						<line hits="0" number="609"/>
						<line hits="0" number="611"/>
						<line hits="0" number="612"/>
						<line hits="0" number="614"/>
						<line hits="0" number="615"/>
						<line hits="0" number="616"/>
						<line hits="0" number="617"/>
						<line hits="0" number="619"/>
						<line hits="0" number="621"/>
						<line hits="0" number="628"/>
						<line hits="0" number="630"/>
						<line hits="0" number="631"/>
						<line hits="0" number="632"/>
						<line hits="0" number="634"/>
						<line hits="0" number="636"/>
						<line hits="0" number="637"/>
						<line branch="true" condition-coverage="0% (0/2)" hits="0" missing-branches="644,645" number="643"/>
						<line hits="0" number="644"/>
						<line branch="true" condition-coverage="0% (0/2)" hits="0" missing-branches="646,647" number="645"/>
						<line hits="0" number="646"/>
						<line hits="0" number="647"/>
						<line hits="0" number="649"/>
						<line hits="0" number="655"/>
						<line hits="0" number="661"/>
						<line branch="true" condition-coverage="0% (0/2)" hits="0" missing-branches="663,664" number="662"/>
						<line hits="0" number="663"/>
						<line hits="0" number="664"/>
						<line hits="0" number="665"/>
						<line hits="0" number="667"/>
						<line branch="true" condition-coverage="0% (0/2)" hits="0" missing-branches="673,675" number="672"/>
						<line hits="0" number="673"/>
						<line hits="0" number="675"/>
						<line branch="true" condition-coverage="0% (0/2)" hits="0" missing-branches="677,679" number="676"/>
						<line hits="0" number="677"/>
						<line hits="0" number="679"/>
						<line hits="0" number="680"/>
						<line branch="true" condition-coverage="0% (0/2)" hits="0" missing-branches="684,687" number="681"/>
						<line hits="0" number="684"/>
						<line hits="0" number="687"/>
						<line hits="0" number="688"/>
						<line hits="0" number="694"/>
						<line branch="true" condition-coverage="0% (0/2)" hits="0" missing-branches="697,699" number="696"/>
						<line hits="0" number="697"/>
						<line hits="0" number="699"/>
						<line hits="0" number="700"/>
						<line hits="0" number="701"/>
						<line hits="0" number="702"/>
						<line hits="0" number="705"/>
						<line hits="0" number="709"/>
						<line hits="0" number="710"/>
						<line hits="0" number="712"/>
						<line hits="0" number="718"/>
						<line hits="0" number="719"/>
						<line hits="0" number="720"/>
						<line hits="0" number="721"/>
						<line hits="0" number="722"/>
						<line hits="0" number="723"/>
						<line hits="0" number="724"/>
						<line hits="0" number="725"/>
						<line hits="0" number="727"/>
						<line hits="0" number="731"/>
						<line hits="0" number="734"/>
						<line branch="true" condition-coverage="0% (0/2)" hits="0" missing-branches="737,739" number="735"/>
						<line hits="0" number="737"/>
						<line hits="0" number="739"/>
						<line hits="0" number="741"/>
						<line hits="0" number="746"/>
						<line hits="0" number="749"/>
						<line hits="0" number="750"/>
						<line hits="0" number="754"/>
						<line branch="true" condition-coverage="0% (0/2)" hits="0" missing-branches="exit,760" number="759"/>
						<line hits="0" number="760"/>
						<line hits="0" number="762"/>
						<line hits="0" number="763"/>
						<line hits="0" number="768"/>
						<line hits="0" number="770"/>
						<line hits="0" number="778"/>
						<line hits="0" number="779"/>
						<line hits="0" number="780"/>
						<line branch="true" condition-coverage="0% (0/2)" hits="0" missing-branches="783,793" number="782"/>
						<line hits="0" number="783"/>
						<line branch="true" condition-coverage="0% (0/2)" hits="0" missing-branches="exit,789" number="788"/>
						<line hits="0" number="789"/>
						<line branch="true" condition-coverage="0% (0/2)" hits="0" missing-branches="exit,791" number="790"/>
						<line hits="0" number="791"/>
						<line branch="true" condition-coverage="0% (0/2)" hits="0" missing-branches="exit,794" number="793"/>
						<line hits="0" number="794"/>
						<line hits="0" number="796"/>
						<line hits="0" number="797"/>
						<line hits="0" number="799"/>
						<line hits="0" number="805"/>
						<line hits="0" number="806"/>
						<line hits="0" number="814"/>
						<line hits="0" number="820"/>
						<line hits="0" number="821"/>
						<line hits="0" number="830"/>
						<line hits="0" number="837"/>
						<line hits="0" number="838"/>
						<line hits="0" number="846"/>
						<line hits="0" number="850"/>
						<line hits="0" number="851"/>
						<line hits="0" number="852"/>
						<line hits="0" number="854"/>
						<line branch="true" condition-coverage="0% (0/2)" hits="0" missing-branches="862,864" number="861"/>
						<line hits="0" number="862"/>
						<line hits="0" number="864"/>
						<line branch="true" condition-coverage="0% (0/2)" hits="0" missing-branches="868,873" number="867"/>
						<line hits="0" number="868"/>
						<line hits="0" number="869"/>
						<line branch="true" condition-coverage="0% (0/2)" hits="0" missing-branches="874,881" number="873"/>
						<line hits="0" number="874"/>
						<line branch="true" condition-coverage="0% (0/2)" hits="0" missing-branches="877,878" number="876"/>
						<line hits="0" number="877"/>
						<line branch="true" condition-coverage="0% (0/2)" hits="0" missing-branches="exit,873" number="878"/>
						<line hits="0" number="881"/>
						<line branch="true" condition-coverage="0% (0/2)" hits="0" missing-branches="exit,889" number="884"/>
						<line hits="0" number="889"/>
						<line hits="0" number="891"/>
						<line hits="0" number="896"/>
						<line branch="true" condition-coverage="0% (0/2)" hits="0" missing-branches="898,900" number="897"/>
						<line hits="0" number="898"/>
						<line hits="0" number="899"/>
						<line hits="0" number="900"/>
						<line hits="0" number="902"/>
						<line branch="true" condition-coverage="0% (0/2)" hits="0" missing-branches="910,916" number="909"/>
						<line hits="0" number="910"/>
						<line hits="0" number="911"/>
						<line branch="true" condition-coverage="0% (0/2)" hits="0" missing-branches="917,921" number="916"/>
						<line hits="0" number="917"/>
						<line hits="0" number="921"/>
						<line hits="0" number="922"/>
						<line hits="0" number="923"/>
						<line hits="0" number="924"/>
						<line branch="true" condition-coverage="0% (0/2)" hits="0" missing-branches="927,929" number="926"/>
						<line hits="0" number="927"/>
						<line hits="0" number="929"/>
						<line hits="0" number="930"/>
						<line hits="0" number="932"/>
						<line hits="0" number="937"/>
						<line hits="0" number="939"/>
						<line branch="true" condition-coverage="0% (0/2)" hits="0" missing-branches="946,949" number="945"/>
						<line hits="0" number="946"/>
						<line hits="0" number="949"/>
						<line hits="0" number="951"/>
						<line hits="0" number="956"/>
						<line hits="0" number="958"/>
						<line hits="0" number="963"/>
						<line hits="0" number="965"/>
						<line hits="0" number="971"/>
						<line branch="true" condition-coverage="0% (0/2)" hits="0" missing-branches="973,974" number="972"/>
						<line hits="0" number="973"/>
						<line branch="true" condition-coverage="0% (0/2)" hits="0" missing-branches="975,976" number="974"/>
						<line hits="0" number="975"/>
						<line branch="true" condition-coverage="0% (0/2)" hits="0" missing-branches="977,979" number="976"/>
						<line hits="0" number="977"/>
						<line hits="0" number="979"/>
						<line hits="0" number="981"/>
						<line hits="0" number="982"/>
						<line branch="true" condition-coverage="0% (0/2)" hits="0" missing-branches="984,996" number="983"/>
						<line hits="0" number="984"/>
						<line branch="true" condition-coverage="0% (0/2)" hits="0" missing-branches="987,990" number="986"/>
						<line hits="0" number="987"/>
						<line hits="0" number="989"/>
						<line branch="true" condition-coverage="0% (0/2)" hits="0" missing-branches="991,996" number="990"/>
						<line branch="true" condition-coverage="0% (0/2)" hits="0" missing-branches="992,996" number="991"/>
						<line branch="true" condition-coverage="0% (0/2)" hits="0" missing-branches="991,993" number="992"/>
						<line hits="0" number="993"/>
						<line hits="0" number="994"/>
						<line hits="0" number="996"/>
						<line hits="0" number="998"/>
						<line hits="0" number="1002"/>
						<line branch="true" condition-coverage="0% (0/2)" hits="0" missing-branches="1004,1014" number="1003"/>
						<line hits="0" number="1004"/>
						<line hits="0" number="1005"/>
						<line hits="0" number="1006"/>
						<line branch="true" condition-coverage="0% (0/2)" hits="0" missing-branches="1008,1010" number="1007"/>
						<line hits="0" number="1008"/>
						<line hits="0" number="1010"/>
						<line branch="true" condition-coverage="0% (0/2)" hits="0" missing-branches="1013,1014" number="1012"/>
						<line hits="0" number="1013"/>
						<line hits="0" number="1014"/>
						<line hits="0" number="1016"/>
						<line hits="0" number="1020"/>
						<line branch="true" condition-coverage="0% (0/2)" hits="0" missing-branches="1022,1024" number="1021"/>
						<line hits="0" number="1022"/>
						<line branch="true" condition-coverage="0% (0/2)" hits="0" missing-branches="1025,1039" number="1024"/>
						<line branch="true" condition-coverage="0% (0/2)" hits="0" missing-branches="1026,1039" number="1025"/>
						<line branch="true" condition-coverage="0% (0/2)" hits="0" missing-branches="1027,1030" number="1026"/>
						<line hits="0" number="1027"/>
						<line branch="true" condition-coverage="0% (0/2)" hits="0" missing-branches="1031,1035" number="1030"/>
						<line hits="0" number="1031"/>
						<line branch="true" condition-coverage="0% (0/2)" hits="0" missing-branches="1025,1036" number="1035"/>
						<line hits="0" number="1036"/>
						<line hits="0" number="1039"/>
						<line hits="0" number="1040"/>
						<line hits="0" number="1042"/>
						<line branch="true" condition-coverage="0% (0/2)" hits="0" missing-branches="1056,1064" number="1054"/>
						<line hits="0" number="1056"/>
						<line hits="0" number="1057"/>
						<line hits="0" number="1058"/>
						<line hits="0" number="1059"/>
						<line branch="true" condition-coverage="0% (0/2)" hits="0" missing-branches="exit,1061" number="1060"/>
						<line hits="0" number="1061"/>
						<line hits="0" number="1064"/>
						<line hits="0" number="1067"/>
						<line hits="0" number="1072"/>
						<line hits="0" number="1074"/>
						<line hits="0" number="1078"/>
						<line hits="0" number="1080"/>
						<line hits="0" number="1084"/>
						<line hits="0" number="1086"/>
						<line hits="0" number="1090"/>
						<line hits="0" number="1092"/>
						<line hits="0" number="1100"/>
						<line branch="true" condition-coverage="0% (0/2)" hits="0" missing-branches="exit,1102" number="1101"/>
						<line hits="0" number="1102"/>
						<line hits="0" number="1104"/>
						<line hits="0" number="1105"/>
						<line hits="0" number="1106"/>
						<line hits="0" number="1107"/>
						<line hits="0" number="1108"/>
						<line hits="0" number="1109"/>
						<line hits="0" number="1110"/>
						<line branch="true" condition-coverage="0% (0/2)" hits="0" missing-branches="1129,1131" number="1128"/>
						<line hits="0" number="1129"/>
						<line hits="0" number="1131"/>
						<line hits="0" number="1133"/>
						<line hits="0" number="1135"/>
						<line hits="0" number="1141"/>
						<line hits="0" number="1145"/>
						<line hits="0" number="1146"/>
						<line hits="0" number="1147"/>
						<line hits="0" number="1148"/>
						<line branch="true" condition-coverage="0% (0/2)" hits="0" missing-branches="1153,1165" number="1152"/>
						<line hits="0" number="1153"/>
						<line branch="true" condition-coverage="0% (0/2)" hits="0" missing-branches="1155,1157" number="1154"/>
						<line hits="0" number="1155"/>
						<line hits="0" number="1157"/>
						<line hits="0" number="1158"/>
						<line hits="0" number="1159"/>
						<line branch="true" condition-coverage="0% (0/2)" hits="0" missing-branches="1166,1179" number="1165"/>
						<line hits="0" number="1166"/>
						<line hits="0" number="1167"/>
						<line branch="true" condition-coverage="0% (0/2)" hits="0" missing-branches="1169,1173" number="1168"/>
						<line hits="0" number="1169"/>
						<line hits="0" number="1173"/>
						<line hits="0" number="1177"/>
						<line branch="true" condition-coverage="0% (0/2)" hits="0" missing-branches="1180,1187" number="1179"/>
						<line hits="0" number="1180"/>
						<line hits="0" number="1181"/>
						<line hits="0" number="1182"/>
						<line hits="0" number="1183"/>
						<line hits="0" number="1184"/>
						<line hits="0" number="1187"/>
						<line hits="0" number="1188"/>
						<line hits="0" number="1189"/>
						<line hits="0" number="1191"/>
						<line branch="true" condition-coverage="0% (0/2)" hits="0" missing-branches="1197,1209" number="1196"/>
						<line hits="0" number="1197"/>
						<line hits="0" number="1198"/>
						<line hits="0" number="1200"/>
						<line hits="0" number="1201"/>
						<line hits="0" number="1202"/>
						<line hits="0" number="1209"/>
						<line hits="0" number="1210"/>
						<line hits="0" number="1211"/>
						<line hits="0" number="1213"/>
						<line branch="true" condition-coverage="0% (0/2)" hits="0" missing-branches="1215,1221" number="1214"/>
						<line hits="0" number="1215"/>
						<line hits="0" number="1216"/>
						<line hits="0" number="1217"/>
						<line hits="0" number="1218"/>
						<line hits="0" number="1219"/>
						<line branch="true" condition-coverage="0% (0/2)" hits="0" missing-branches="1222,1231" number="1221"/>
						<line hits="0" number="1222"/>
						<line hits="0" number="1223"/>
						<line hits="0" number="1224"/>
						<line hits="0" number="1228"/>
						<line hits="0" number="1229"/>
						<line branch="true" condition-coverage="0% (0/2)" hits="0" missing-branches="1232,1241" number="1231"/>
						<line hits="0" number="1232"/>
						<line hits="0" number="1233"/>
						<line hits="0" number="1234"/>
						<line hits="0" number="1237"/>
						<line hits="0" number="1238"/>
						<line hits="0" number="1241"/>
						<line hits="0" number="1242"/>
						<line hits="0" number="1243"/>
						<line hits="0" number="1245"/>
						<line hits="0" number="1250"/>
						<line branch="true" condition-coverage="0% (0/2)" hits="0" missing-branches="1252,1258" number="1251"/>
						<line hits="0" number="1252"/>
						<line hits="0" number="1255"/>
						<line hits="0" number="1256"/>
						<line hits="0" number="1258"/>
						<line hits="0" number="1260"/>
						<line hits="0" number="1262"/>
						<line hits="0" number="1267"/>
						<line branch="true" condition-coverage="0% (0/2)" hits="0" missing-branches="1270,1276" number="1269"/>
						<line hits="0" number="1270"/>
						<line hits="0" number="1273"/>
						<line hits="0" number="1274"/>
						<line hits="0" number="1276"/>
						<line hits="0" number="1278"/>
						<line hits="0" number="1280"/>
						<line hits="0" number="1290"/>
						<line hits="0" number="1291"/>
						<line hits="0" number="1292"/>
						<line hits="0" number="1293"/>
						<line hits="0" number="1296"/>
						<line hits="0" number="1297"/>
						<line hits="0" number="1298"/>
						<line hits="0" number="1301"/>
						<line hits="0" number="1302"/>
						<line hits="0" number="1303"/>
						<line hits="0" number="1307"/>
						<line hits="0" number="1309"/>
						<line hits="0" number="1310"/>
						<line branch="true" condition-coverage="0% (0/2)" hits="0" missing-branches="1314,1343" number="1313"/>
						<line hits="0" number="1314"/>
						<line hits="0" number="1315"/>
						<line hits="0" number="1316"/>
						<line hits="0" number="1321"/>
						<line branch="true" condition-coverage="0% (0/2)" hits="0" missing-branches="1324,1329" number="1322"/>
						<line hits="0" number="1324"/>
						<line hits="0" number="1326"/>
						<line hits="0" number="1327"/>
						<line branch="true" condition-coverage="0% (0/2)" hits="0" missing-branches="1331,1333" number="1329"/>
						<line hits="0" number="1331"/>
						<line hits="0" number="1333"/>
						<line branch="true" condition-coverage="0% (0/2)" hits="0" missing-branches="1339,1341" number="1338"/>
						<line hits="0" number="1339"/>
						<line hits="0" number="1341"/>
						<line hits="0" number="1343"/>
						<line hits="0" number="1344"/>
						<line hits="0" number="1345"/>
						<line hits="0" number="1347"/>
						<line hits="0" number="1352"/>
						<line branch="true" condition-coverage="0% (0/2)" hits="0" missing-branches="1355,1360" number="1354"/>
						<line hits="0" number="1355"/>
						<line hits="0" number="1360"/>
						<line branch="true" condition-coverage="0% (0/2)" hits="0" missing-branches="1367,1375" number="1366"/>
						<line hits="0" number="1367"/>
						<line hits="0" number="1370"/>
						<line hits="0" number="1371"/>
						<line hits="0" number="1375"/>
						<line hits="0" number="1377"/>
						<line hits="0" number="1379"/>
						<line hits="0" number="1380"/>
						<line hits="0" number="1381"/>
						<line hits="0" number="1383"/>
						<line hits="0" number="1384"/>
						<line hits="0" number="1389"/>
						<line hits="0" number="1396"/>
						<line hits="0" number="1398"/>
						<line branch="true" condition-coverage="0% (0/2)" hits="0" missing-branches="1400,1406" number="1399"/>
						<line hits="0" number="1400"/>
						<line hits="0" number="1401"/>
						<line hits="0" number="1402"/>
						<line hits="0" number="1403"/>
						<line hits="0" number="1405"/>
						<line hits="0" number="1406"/>
						<line hits="0" number="1408"/>
						<line hits="0" number="1413"/>
						<line branch="true" condition-coverage="0% (0/2)" hits="0" missing-branches="1415,1422" number="1414"/>
						<line hits="0" number="1415"/>
						<line hits="0" number="1416"/>
						<line hits="0" number="1417"/>
						<line hits="0" number="1418"/>
						<line branch="true" condition-coverage="0% (0/2)" hits="0" missing-branches="1414,1421" number="1420"/>
						<line hits="0" number="1421"/>
						<line hits="0" number="1422"/>
						<line hits="0" number="1424"/>
						<line hits="0" number="1425"/>
						<line hits="0" number="1426"/>
						<line hits="0" number="1428"/>
						<line branch="true" condition-coverage="0% (0/2)" hits="0" missing-branches="1430,1432" number="1429"/>
						<line hits="0" number="1430"/>
						<line hits="0" number="1432"/>
						<line hits="0" number="1433"/>
						<line hits="0" number="1434"/>
						<line branch="true" condition-coverage="0% (0/2)" hits="0" missing-branches="1437,1442" number="1436"/>
						<line branch="true" condition-coverage="0% (0/2)" hits="0" missing-branches="1438,1439" number="1437"/>
						<line hits="0" number="1438"/>
						<line hits="0" number="1439"/>
						<line hits="0" number="1442"/>
						<line branch="true" condition-coverage="0% (0/2)" hits="0" missing-branches="1445,1447" number="1444"/>
						<line hits="0" number="1445"/>
						<line branch="true" condition-coverage="0% (0/2)" hits="0" missing-branches="1448,1451" number="1447"/>
						<line hits="0" number="1448"/>
						<line branch="true" condition-coverage="0% (0/2)" hits="0" missing-branches="1452,1456" number="1451"/>
						<line hits="0" number="1452"/>
						<line hits="0" number="1456"/>
						<line branch="true" condition-coverage="0% (0/2)" hits="0" missing-branches="1458,1477" number="1457"/>
						<line hits="0" number="1458"/>
						<line branch="true" condition-coverage="0% (0/2)" hits="0" missing-branches="1460,1463" number="1459"/>
						<line hits="0" number="1460"/>
						<line hits="0" number="1461"/>
						<line hits="0" number="1463"/>
						<line hits="0" number="1464"/>
						<line hits="0" number="1465"/>
						<line branch="true" condition-coverage="0% (0/2)" hits="0" missing-branches="1467,1485" number="1466"/>
						<line hits="0" number="1467"/>
						<line hits="0" number="1468"/>
						<line branch="true" condition-coverage="0% (0/2)" hits="0" missing-branches="1470,1473" number="1469"/>
						<line hits="0" number="1470"/>
						<line hits="0" number="1471"/>
						<line hits="0" number="1473"/>
						<line hits="0" number="1474"/>
						<line hits="0" number="1475"/>
						<line branch="true" condition-coverage="0% (0/2)" hits="0" missing-branches="1478,1482" number="1477"/>
						<line hits="0" number="1478"/>
						<line hits="0" number="1479"/>
						<line hits="0" number="1480"/>
						<line hits="0" number="1482"/>
						<line hits="0" number="1483"/>
						<line hits="0" number="1485"/>
						<line hits="0" number="1491"/>
						<line hits="0" number="1493"/>
						<line branch="true" condition-coverage="0% (0/2)" hits="0" missing-branches="1495,1497" number="1494"/>
						<line hits="0" number="1495"/>
						<line hits="0" number="1497"/>
						<line hits="0" number="1511"/>
						<line hits="0" number="1513"/>
						<line hits="0" number="1515"/>
						<line hits="0" number="1516"/>
						<line hits="0" number="1518"/>
						<line hits="0" number="1519"/>
						<line hits="0" number="1521"/>
						<line hits="0" number="1522"/>
						<line hits="0" number="1526"/>
						<line hits="0" number="1527"/>
						<line hits="0" number="1528"/>
						<line branch="true" condition-coverage="0% (0/2)" hits="0" missing-branches="1530,1532" number="1529"/>
						<line hits="0" number="1530"/>
						<line hits="0" number="1532"/>
						<line hits="0" number="1533"/>
						<line hits="0" number="1534"/>
						<line hits="0" number="1535"/>
						<line hits="0" number="1538"/>
						<line branch="true" condition-coverage="0% (0/2)" hits="0" missing-branches="1541,1543" number="1539"/>
						<line hits="0" number="1541"/>
						<line hits="0" number="1543"/>
						<line hits="0" number="1544"/>
						<line hits="0" number="1545"/>
						<line hits="0" number="1550"/>
						<line branch="true" condition-coverage="0% (0/2)" hits="0" missing-branches="1558,1561" number="1557"/>
						<line hits="0" number="1558"/>
						<line hits="0" number="1561"/>
						<line hits="0" number="1567"/>
						<line hits="0" number="1568"/>
						<line branch="true" condition-coverage="0% (0/2)" hits="0" missing-branches="1573,1586" number="1571"/>
						<line branch="true" condition-coverage="0% (0/2)" hits="0" missing-branches="1574,1580" number="1573"/>
						<line hits="0" number="1574"/>
						<line branch="true" condition-coverage="0% (0/2)" hits="0" missing-branches="1576,1578" number="1575"/>
						<line hits="0" number="1576"/>
						<line hits="0" number="1578"/>
						<line hits="0" number="1580"/>
						<line hits="0" number="1582"/>
						<line hits="0" number="1583"/>
						<line branch="true" condition-coverage="0% (0/2)" hits="0" missing-branches="1589,1599" number="1586"/>
						<line branch="true" condition-coverage="0% (0/2)" hits="0" missing-branches="1590,1599" number="1589"/>
						<line hits="0" number="1590"/>
						<line branch="true" condition-coverage="0% (0/2)" hits="0" missing-branches="1592,1594" number="1591"/>
						<line hits="0" number="1592"/>
						<line hits="0" number="1594"/>
						<line hits="0" number="1599"/>
						<line branch="true" condition-coverage="0% (0/2)" hits="0" missing-branches="1604,1632" number="1602"/>
						<line hits="0" number="1604"/>
						<line hits="0" number="1605"/>
						<line branch="true" condition-coverage="0% (0/2)" hits="0" missing-branches="1607,1637" number="1606"/>
						<line hits="0" number="1607"/>
						<line branch="true" condition-coverage="0% (0/2)" hits="0" missing-branches="1609,1617" number="1608"/>
						<line branch="true" condition-coverage="0% (0/2)" hits="0" missing-branches="1608,1610" number="1609"/>
						<line hits="0" number="1610"/>
						<line hits="0" number="1611"/>
						<line hits="0" number="1612"/>
						<line hits="0" number="1613"/>
						<line hits="0" number="1614"/>
						<line hits="0" number="1615"/>
						<line branch="true" condition-coverage="0% (0/2)" hits="0" missing-branches="1618,1629" number="1617"/>
						<line branch="true" condition-coverage="0% (0/2)" hits="0" missing-branches="1619,1621" number="1618"/>
						<line hits="0" number="1619"/>
						<line hits="0" number="1621"/>
						<line hits="0" number="1622"/>
						<line hits="0" number="1627"/>
						<line hits="0" number="1629"/>
						<line branch="true" condition-coverage="0% (0/2)" hits="0" missing-branches="1633,1637" number="1632"/>
						<line hits="0" number="1633"/>
						<line hits="0" number="1634"/>
						<line branch="true" condition-coverage="0% (0/2)" hits="0" missing-branches="1638,1640" number="1637"/>
						<line hits="0" number="1638"/>
						<line hits="0" number="1640"/>
						<line branch="true" condition-coverage="0% (0/2)" hits="0" missing-branches="1644,1647" number="1643"/>
						<line hits="0" number="1644"/>
						<line hits="0" number="1645"/>
						<line hits="0" number="1647"/>
						<line hits="0" number="1649"/>
						<line hits="0" number="1652"/>
						<line hits="0" number="1670"/>
						<line hits="0" number="1672"/>
						<line hits="0" number="1674"/>
						<line hits="0" number="1680"/>
						<line hits="0" number="1681"/>
						<line hits="0" number="1682"/>
						<line hits="0" number="1684"/>
						<line hits="0" number="1685"/>
						<line hits="0" number="1687"/>
						<line branch="true" condition-coverage="0% (0/2)" hits="0" missing-branches="1689,1691" number="1688"/>
						<line hits="0" number="1689"/>
						<line hits="0" number="1691"/>
						<line branch="true" condition-coverage="0% (0/2)" hits="0" missing-branches="1694,1696" number="1693"/>
						<line hits="0" number="1694"/>
						<line branch="true" condition-coverage="0% (0/2)" hits="0" missing-branches="1697,1702" number="1696"/>
						<line hits="0" number="1697"/>
						<line hits="0" number="1702"/>
						<line hits="0" number="1706"/>
						<line branch="true" condition-coverage="0% (0/2)" hits="0" missing-branches="1710,1720" number="1709"/>
						<line branch="true" condition-coverage="0% (0/2)" hits="0" missing-branches="1711,1712" number="1710"/>
						<line hits="0" number="1711"/>
						<line hits="0" number="1712"/>
						<line hits="0" number="1713"/>
						<line hits="0" number="1714"/>
						<line hits="0" number="1715"/>
						<line hits="0" number="1716"/>
						<line hits="0" number="1718"/>
						<line hits="0" number="1720"/>
						<line branch="true" condition-coverage="0% (0/2)" hits="0" missing-branches="1723,1725" number="1722"/>
						<line hits="0" number="1723"/>
						<line hits="0" number="1725"/>
						<line hits="0" number="1727"/>
						<line hits="0" number="1743"/>
						<line hits="0" number="1745"/>
						<line hits="0" number="1747"/>
						<line hits="0" number="1749"/>
						<line hits="0" number="1751"/>
						<line hits="0" number="1752"/>
						<line branch="true" condition-coverage="0% (0/2)" hits="0" missing-branches="1754,1759" number="1753"/>
						<line hits="0" number="1754"/>
						<line branch="true" condition-coverage="0% (0/2)" hits="0" missing-branches="1760,1763" number="1759"/>
						<line hits="0" number="1760"/>
						<line hits="0" number="1763"/>
						<line hits="0" number="1764"/>
						<line hits="0" number="1765"/>
						<line hits="0" number="1770"/>
						<line hits="0" number="1778"/>
						<line hits="0" number="1780"/>
						<line hits="0" number="1782"/>
						<line hits="0" number="1788"/>
						<line hits="0" number="1790"/>
						<line hits="0" number="1791"/>
						<line hits="0" number="1792"/>
						<line hits="0" number="1793"/>
						<line branch="true" condition-coverage="0% (0/2)" hits="0" missing-branches="1795,1796" number="1794"/>
						<line hits="0" number="1795"/>
						<line branch="true" condition-coverage="0% (0/2)" hits="0" missing-branches="1797,1814" number="1796"/>
						<line hits="0" number="1797"/>
						<line hits="0" number="1798"/>
						<line branch="true" condition-coverage="0% (0/2)" hits="0" missing-branches="1800,1801" number="1799"/>
						<line hits="0" number="1800"/>
						<line hits="0" number="1801"/>
						<line branch="true" condition-coverage="0% (0/2)" hits="0" missing-branches="1807,1812" number="1806"/>
						<line hits="0" number="1807"/>
						<line hits="0" number="1812"/>
						<line hits="0" number="1813"/>
						<line hits="0" number="1814"/>
						<line hits="0" number="1817"/>
						<line hits="0" number="1825"/>
						<line hits="0" number="1826"/>
						<line hits="0" number="1827"/>
						<line hits="0" number="1828"/>
						<line hits="0" number="1829"/>
						<line hits="0" number="1830"/>
						<line hits="0" number="1831"/>
						<line hits="0" number="1832"/>
						<line hits="0" number="1833"/>
						<line hits="0" number="1834"/>
						<line hits="0" number="1835"/>
						<line hits="0" number="1837"/>
						<line hits="0" number="1839"/>
						<line hits="0" number="1840"/>
						<line hits="0" number="1841"/>
						<line hits="0" number="1842"/>
						<line hits="0" number="1843"/>
						<line hits="0" number="1844"/>
						<line branch="true" condition-coverage="0% (0/2)" hits="0" missing-branches="1846,1847" number="1845"/>
						<line hits="0" number="1846"/>
						<line branch="true" condition-coverage="0% (0/2)" hits="0" missing-branches="exit,1848" number="1847"/>
						<line hits="0" number="1848"/>
						<line hits="0" number="1850"/>
						<line hits="0" number="1852"/>
						<line hits="0" number="1853"/>
						<line branch="true" condition-coverage="0% (0/2)" hits="0" missing-branches="1855,1856" number="1854"/>
						<line hits="0" number="1855"/>
						<line branch="true" condition-coverage="0% (0/2)" hits="0" missing-branches="1857,1858" number="1856"/>
						<line hits="0" number="1857"/>
						<line hits="0" number="1858"/>
						<line hits="0" number="1860"/>
						<line hits="0" number="1862"/>
						<line hits="0" number="1864"/>
						<line hits="0" number="1866"/>
						<line hits="0" number="1868"/>
						<line hits="0" number="1870"/>
						<line hits="0" number="1872"/>
						<line branch="true" condition-coverage="0% (0/2)" hits="0" missing-branches="1875,1877" number="1874"/>
						<line hits="0" number="1875"/>
						<line hits="0" number="1877"/>
						<line branch="true" condition-coverage="0% (0/2)" hits="0" missing-branches="1879,1881" number="1878"/>
						<line hits="0" number="1879"/>
						<line hits="0" number="1881"/>
						<line hits="0" number="1882"/>
						<line branch="true" condition-coverage="0% (0/2)" hits="0" missing-branches="1886,1889" number="1883"/>
						<line hits="0" number="1886"/>
						<line hits="0" number="1889"/>
						<line hits="0" number="1890"/>
						<line hits="0" number="1891"/>
						<line hits="0" number="1904"/>
						<line hits="0" number="1905"/>
						<line hits="0" number="1907"/>
						<line hits="0" number="1908"/>
						<line branch="true" condition-coverage="0% (0/2)" hits="0" missing-branches="exit,1915" number="1914"/>
						<line hits="0" number="1915"/>
						<line hits="0" number="1916"/>
						<line branch="true" condition-coverage="0% (0/2)" hits="0" missing-branches="1918,1919" number="1917"/>
						<line hits="0" number="1918"/>
						<line hits="0" number="1919"/>
						<line branch="true" condition-coverage="0% (0/2)" hits="0" missing-branches="exit,1921" number="1920"/>
						<line hits="0" number="1921"/>
						<line branch="true" condition-coverage="0% (0/2)" hits="0" missing-branches="1923,1930" number="1922"/>
						<line hits="0" number="1923"/>
						<line hits="0" number="1930"/>
						<line hits="0" number="1933"/>
						<line hits="0" number="1936"/>
						<line hits="0" number="1938"/>
						<line hits="0" number="1939"/>
						<line hits="0" number="1940"/>
						<line hits="0" number="1941"/>
						<line hits="0" number="1943"/>
						<line branch="true" condition-coverage="0% (0/2)" hits="0" missing-branches="1946,1948" number="1945"/>
						<line hits="0" number="1946"/>
						<line hits="0" number="1948"/>
						<line hits="0" number="1950"/>
						<line branch="true" condition-coverage="0% (0/2)" hits="0" missing-branches="1952,1953" number="1951"/>
						<line hits="0" number="1952"/>
						<line hits="0" number="1953"/>
						<line hits="0" number="1954"/>
						<line hits="0" number="1956"/>
						<line hits="0" number="1957"/>
						<line branch="true" condition-coverage="0% (0/2)" hits="0" missing-branches="1959,1960" number="1958"/>
						<line hits="0" number="1959"/>
						<line hits="0" number="1960"/>
						<line hits="0" number="1962"/>
						<line branch="true" condition-coverage="0% (0/2)" hits="0" missing-branches="1968,1969" number="1963"/>
						<line hits="0" number="1968"/>
						<line hits="0" number="1969"/>
						<line hits="0" number="1971"/>
						<line hits="0" number="1972"/>
						<line branch="true" condition-coverage="0% (0/2)" hits="0" missing-branches="1976,1980" number="1973"/>
						<line branch="true" condition-coverage="0% (0/2)" hits="0" missing-branches="1977,1980" number="1976"/>
						<line branch="true" condition-coverage="0% (0/2)" hits="0" missing-branches="1976,1978" number="1977"/>
						<line hits="0" number="1978"/>
						<line hits="0" number="1979"/>
						<line hits="0" number="1980"/>
						<line hits="0" number="1981"/>
						<line hits="0" number="1983"/>
						<line branch="true" condition-coverage="0% (0/2)" hits="0" missing-branches="1989,1990" number="1984"/>
						<line hits="0" number="1989"/>
						<line hits="0" number="1990"/>
						<line hits="0" number="1993"/>
						<line hits="0" number="1994"/>
						<line hits="0" number="1997"/>
						<line hits="0" number="1998"/>
					</lines>
				</class>
				<class branch-rate="0.09783" complexity="0" filename="/usr/local/lib/python2.7/dist-packages/django/contrib/admin/sites.py" line-rate="0.04825" name="sites.py">
					<methods/>
					<lines>
						<line hits="0" number="1"/>
						<line hits="0" number="3"/>
						<line hits="0" number="4"/>
						<line hits="0" number="5"/>
						<line hits="0" number="6"/>
						<line hits="0" number="7"/>
						<line hits="0" number="8"/>
						<line hits="0" number="9"/>
						<line hits="0" number="10"/>
						<line hits="0" number="11"/>
						<line hits="0" number="12"/>
						<line hits="0" number="13"/>
						<line hits="0" number="14"/>
						<line hits="0" number="15"/>
						<line hits="0" number="16"/>
						<line hits="0" number="17"/>
						<line hits="0" number="19"/>
						<line hits="0" number="22"/>
						<line hits="0" number="23"/>
						<line hits="0" number="26"/>
						<line hits="0" number="27"/>
						<line hits="0" number="30"/>
						<line hits="0" number="40"/>
						<line hits="0" number="43"/>
						<line hits="0" number="46"/>
						<line hits="0" number="49"/>
						<line hits="0" number="51"/>
						<line hits="0" number="52"/>
						<line hits="0" number="53"/>
						<line hits="0" number="54"/>
						<line hits="0" number="55"/>
						<line hits="0" number="56"/>
						<line hits="0" number="57"/>
						<line hits="0" number="59"/>
						<line hits="0" number="60"/>
						<line hits="0" number="61"/>
						<line hits="0" number="62"/>
						<line hits="0" number="63"/>
						<line hits="0" number="65"/>
						<line branch="true" condition-coverage="50% (1/2)" hits="1" missing-branches="80" number="79"/>
						<line hits="0" number="80"/>
						<line branch="true" condition-coverage="50% (1/2)" hits="1" missing-branches="84" number="82"/>
						<line hits="1" number="83"/>
						<line branch="true" condition-coverage="100% (2/2)" hits="1" number="84"/>
						<line branch="true" condition-coverage="50% (1/2)" hits="1" missing-branches="86" number="85"/>
						<line hits="0" number="86"/>
						<line branch="true" condition-coverage="50% (1/2)" hits="1" missing-branches="90" number="89"/>
						<line hits="0" number="90"/>
						<line branch="true" condition-coverage="50% (1/2)" hits="1" missing-branches="84" number="94"/>
						<line branch="true" condition-coverage="50% (1/2)" hits="1" missing-branches="101" number="97"/>
						<line hits="0" number="101"/>
						<line hits="0" number="102"/>
						<line branch="true" condition-coverage="50% (1/2)" hits="1" missing-branches="108" number="104"/>
						<line hits="1" number="105"/>
						<line hits="1" number="108"/>
						<line hits="0" number="110"/>
						<line branch="true" condition-coverage="0% (0/2)" hits="0" missing-branches="117,118" number="116"/>
						<line hits="0" number="117"/>
						<line branch="true" condition-coverage="0% (0/2)" hits="0" missing-branches="exit,119" number="118"/>
						<line branch="true" condition-coverage="0% (0/2)" hits="0" missing-branches="120,121" number="119"/>
						<line hits="0" number="120"/>
						<line hits="0" number="121"/>
						<line hits="0" number="123"/>
						<line hits="0" number="127"/>
						<line hits="0" number="129"/>
						<line hits="0" number="133"/>
						<line hits="0" number="134"/>
						<line hits="0" number="135"/>
						<line hits="0" number="137"/>
						<line hits="0" number="141"/>
						<line hits="0" number="143"/>
						<line hits="0" number="148"/>
						<line hits="0" number="150"/>
						<line hits="0" number="155"/>
						<line hits="0" number="157"/>
						<line hits="0" number="162"/>
						<line hits="0" number="164"/>
						<line branch="true" condition-coverage="0% (0/2)" hits="0" missing-branches="172,175" number="171"/>
						<line hits="0" number="172"/>
						<line branch="true" condition-coverage="0% (0/2)" hits="0" missing-branches="176,179" number="175"/>
						<line hits="0" number="176"/>
						<line hits="0" number="179"/>
						<line hits="0" number="180"/>
						<line hits="0" number="181"/>
						<line hits="0" number="189"/>
						<line branch="true" condition-coverage="0% (0/2)" hits="0" missing-branches="exit,193" number="191"/>
						<line hits="0" number="193"/>
						<line hits="0" number="198"/>
						<line hits="0" number="221"/>
						<line branch="true" condition-coverage="0% (0/2)" hits="0" missing-branches="223,233" number="222"/>
						<line branch="true" condition-coverage="0% (0/2)" hits="0" missing-branches="224,228" number="223"/>
						<line hits="0" number="224"/>
						<line hits="0" number="225"/>
						<line hits="0" number="228"/>
						<line hits="0" number="229"/>
						<line hits="0" number="233"/>
						<line branch="true" condition-coverage="0% (0/2)" hits="0" missing-branches="235,238" number="234"/>
						<line hits="0" number="235"/>
						<line branch="true" condition-coverage="0% (0/2)" hits="0" missing-branches="239,240" number="238"/>
						<line hits="0" number="239"/>
						<line hits="0" number="240"/>
[...]
						<line hits="1" number="136"/>
						<line hits="0" number="140"/>
						<line hits="0" number="141"/>
						<line hits="0" number="142"/>
						<line hits="1" number="144"/>
						<line hits="0" number="146"/>
						<line hits="0" number="147"/>
						<line hits="0" number="148"/>
						<line hits="0" number="149"/>
						<line hits="1" number="151"/>
						<line hits="0" number="153"/>
						<line hits="0" number="154"/>
						<line branch="true" condition-coverage="0% (0/2)" hits="0" missing-branches="153,156" number="155"/>
						<line hits="0" number="156"/>
						<line hits="0" number="157"/>
						<line hits="1" number="159"/>
						<line branch="true" condition-coverage="0% (0/2)" hits="0" missing-branches="161,162" number="160"/>
						<line hits="0" number="161"/>
						<line hits="0" number="162"/>
						<line hits="1" number="164"/>
						<line hits="0" number="165"/>
						<line hits="1" number="167"/>
						<line hits="1" number="169"/>
						<line hits="0" number="174"/>
						<line hits="0" number="175"/>
						<line hits="0" number="176"/>
						<line hits="0" number="177"/>
						<line branch="true" condition-coverage="0% (0/2)" hits="0" missing-branches="179,181" number="178"/>
						<line hits="0" number="179"/>
						<line hits="0" number="181"/>
						<line hits="0" number="182"/>
						<line hits="1" number="184"/>
						<line hits="1" number="186"/>
						<line hits="0" number="192"/>
						<line hits="0" number="193"/>
						<line hits="0" number="194"/>
						<line hits="0" number="195"/>
						<line hits="0" number="199"/>
						<line hits="0" number="200"/>
						<line hits="0" number="201"/>
						<line hits="0" number="202"/>
						<line branch="true" condition-coverage="0% (0/2)" hits="0" missing-branches="205,206" number="204"/>
						<line hits="0" number="205"/>
						<line branch="true" condition-coverage="0% (0/2)" hits="0" missing-branches="207,208" number="206"/>
						<line hits="0" number="207"/>
						<line hits="0" number="208"/>
						<line hits="0" number="209"/>
						<line hits="1" number="211"/>
						<line hits="0" number="217"/>
						<line hits="0" number="218"/>
						<line hits="0" number="219"/>
						<line hits="0" number="220"/>
						<line hits="0" number="222"/>
						<line hits="0" number="223"/>
						<line hits="0" number="224"/>
						<line hits="0" number="225"/>
						<line branch="true" condition-coverage="0% (0/2)" hits="0" missing-branches="228,229" number="227"/>
						<line hits="0" number="228"/>
						<line branch="true" condition-coverage="0% (0/2)" hits="0" missing-branches="230,231" number="229"/>
						<line hits="0" number="230"/>
						<line hits="0" number="231"/>
						<line hits="1" number="233"/>
						<line branch="true" condition-coverage="0% (0/2)" hits="0" missing-branches="250,255" number="248"/>
						<line hits="0" number="250"/>
						<line hits="0" number="251"/>
						<line hits="0" number="252"/>
						<line hits="0" number="253"/>
						<line hits="0" number="254"/>
						<line branch="true" condition-coverage="0% (0/2)" hits="0" missing-branches="256,257" number="255"/>
						<line hits="0" number="256"/>
						<line hits="0" number="257"/>
						<line hits="1" number="259"/>
						<line branch="true" condition-coverage="0% (0/2)" hits="0" missing-branches="267,268" number="266"/>
						<line hits="0" number="267"/>
						<line hits="0" number="268"/>
						<line hits="1" number="270"/>
						<line hits="0" number="275"/>
						<line hits="0" number="276"/>
						<line hits="0" number="277"/>
						<line hits="1" number="279"/>
						<line hits="0" number="283"/>
						<line hits="0" number="284"/>
						<line hits="0" number="285"/>
						<line hits="0" number="286"/>
						<line hits="0" number="287"/>
						<line hits="1" number="291"/>
						<line hits="0" number="295"/>
						<line hits="1" number="297"/>
						<line hits="0" number="303"/>
						<line hits="1" number="305"/>
						<line hits="0" number="311"/>
						<line hits="1" number="313"/>
						<line hits="0" number="318"/>
						<line hits="1" number="320"/>
						<line hits="0" number="324"/>
						<line hits="1" number="326"/>
						<line hits="0" number="335"/>
					</lines>
				</class>
				<class branch-rate="0" complexity="0" filename="/usr/local/lib/python2.7/dist-packages/django/contrib/sessions/backends/db.py" line-rate="0.283" name="db.py">
					<methods/>
					<lines>
						<line hits="1" number="1"/>
						<line hits="1" number="3"/>
						<line hits="1" number="4"/>
						<line hits="1" number="5"/>
						<line hits="1" number="6"/>
						<line hits="1" number="7"/>
						<line hits="1" number="10"/>
						<line hits="1" number="14"/>
						<line hits="0" number="15"/>
						<line hits="1" number="17"/>
						<line hits="0" number="18"/>
						<line hits="0" number="19"/>
						<line hits="0" number="23"/>
						<line hits="0" number="24"/>
						<line branch="true" condition-coverage="0% (0/2)" hits="0" missing-branches="26,29" number="25"/>
						<line hits="0" number="26"/>
						<line hits="0" number="28"/>
						<line hits="0" number="29"/>
						<line hits="0" number="30"/>
						<line hits="1" number="32"/>
						<line hits="0" number="33"/>
						<line hits="1" number="35"/>
						<line hits="0" number="36"/>
						<line hits="0" number="37"/>
						<line hits="0" number="38"/>
						<line hits="0" number="41"/>
						<line hits="0" number="42"/>
						<line hits="0" number="44"/>
						<line hits="0" number="45"/>
						<line hits="0" number="46"/>
						<line hits="0" number="47"/>
						<line hits="1" number="49"/>
						<line hits="0" number="56"/>
						<line hits="0" number="61"/>
						<line hits="0" number="62"/>
						<line hits="0" number="63"/>
						<line hits="0" number="64"/>
						<line hits="0" number="65"/>
						<line branch="true" condition-coverage="0% (0/2)" hits="0" missing-branches="67,68" number="66"/>
						<line hits="0" number="67"/>
						<line hits="0" number="68"/>
						<line hits="1" number="70"/>
						<line branch="true" condition-coverage="0% (0/2)" hits="0" missing-branches="72,75" number="71"/>
						<line branch="true" condition-coverage="0% (0/2)" hits="0" missing-branches="73,74" number="72"/>
						<line hits="0" number="73"/>
						<line hits="0" number="74"/>
						<line hits="0" number="75"/>
						<line hits="0" number="76"/>
						<line hits="0" number="77"/>
						<line hits="0" number="78"/>
						<line hits="1" number="80"/>
						<line hits="0" number="82"/>
						<line hits="1" number="85"/>
					</lines>
				</class>
			</classes>
		</package>
		<package branch-rate="1" complexity="0" line-rate="1" name=".usr.local.lib.python2.7.dist-packages.django.contrib.sessions.management">
			<classes>
				<class branch-rate="1" complexity="0" filename="/usr/local/lib/python2.7/dist-packages/django/contrib/sessions/management/__init__.py" line-rate="1" name="__init__.py">
					<methods/>
					<lines/>
				</class>
			</classes>
		</package>
		<package branch-rate="1" complexity="0" line-rate="1" name=".usr.local.lib.python2.7.dist-packages.django.contrib.staticfiles.management">
			<classes>
				<class branch-rate="1" complexity="0" filename="/usr/local/lib/python2.7/dist-packages/django/contrib/staticfiles/management/__init__.py" line-rate="1" name="__init__.py">
					<methods/>
					<lines/>
				</class>
			</classes>
		</package>
		<package branch-rate="0.125" complexity="0" line-rate="0.5051" name=".usr.local.lib.python2.7.dist-packages.django_jenkins">
			<classes>
				<class branch-rate="1" complexity="0" filename="/usr/local/lib/python2.7/dist-packages/django_jenkins/models.py" line-rate="1" name="models.py">
					<methods/>
					<lines/>
				</class>
				<class branch-rate="0.125" complexity="0" filename="/usr/local/lib/python2.7/dist-packages/django_jenkins/runner.py" line-rate="0.5051" name="runner.py">
					<methods/>
					<lines>
						<line hits="1" number="1"/>
						<line hits="1" number="2"/>
						<line hits="1" number="3"/>
						<line hits="1" number="4"/>
						<line hits="1" number="6"/>
						<line hits="1" number="8"/>
						<line hits="1" number="9"/>
						<line hits="1" number="12"/>
						<line hits="1" number="13"/>
						<line hits="1" number="14"/>
						<line hits="1" number="15"/>
						<line hits="1" number="16"/>
						<line hits="1" number="17"/>
						<line hits="1" number="19"/>
						<line hits="0" number="20"/>
						<line hits="0" number="21"/>
						<line hits="1" number="23"/>
						<line hits="1" number="24"/>
						<line hits="1" number="25"/>
						<line hits="1" number="26"/>
						<line hits="1" number="28"/>
						<line hits="0" number="29"/>
						<line hits="0" number="30"/>
						<line hits="1" number="32"/>
						<line hits="0" number="33"/>
						<line hits="0" number="34"/>
						<line hits="0" number="35"/>
						<line hits="0" number="36"/>
						<line hits="1" number="38"/>
						<line hits="0" number="39"/>
						<line hits="0" number="40"/>
						<line hits="0" number="41"/>
						<line hits="0" number="42"/>
						<line hits="1" number="44"/>
						<line hits="0" number="45"/>
						<line hits="0" number="46"/>
						<line hits="0" number="47"/>
						<line hits="0" number="48"/>
						<line hits="1" number="50"/>
						<line hits="0" number="51"/>
						<line hits="0" number="52"/>
						<line hits="0" number="53"/>
						<line hits="0" number="54"/>
						<line hits="1" number="56"/>
						<line hits="0" number="57"/>
						<line hits="0" number="58"/>
						<line hits="0" number="59"/>
						<line hits="0" number="60"/>
						<line hits="1" number="62"/>
						<line branch="true" condition-coverage="0% (0/2)" hits="0" missing-branches="64,74" number="63"/>
						<line hits="0" number="64"/>
						<line branch="true" condition-coverage="0% (0/2)" hits="0" missing-branches="66,69" number="65"/>
						<line hits="0" number="66"/>
						<line hits="0" number="67"/>
						<line hits="0" number="69"/>
						<line branch="true" condition-coverage="0% (0/2)" hits="0" missing-branches="71,74" number="70"/>
						<line hits="0" number="71"/>
						<line hits="0" number="72"/>
						<line hits="0" number="74"/>
						<line hits="1" number="76"/>
						<line hits="1" number="77"/>
						<line hits="1" number="78"/>
						<line hits="1" number="79"/>
						<line hits="1" number="80"/>
						<line hits="1" number="81"/>
						<line hits="1" number="82"/>
						<line hits="1" number="83"/>
						<line hits="1" number="84"/>
						<line hits="1" number="86"/>
						<line hits="0" number="87"/>
						<line hits="0" number="88"/>
						<line hits="0" number="89"/>
						<line hits="0" number="90"/>
						<line hits="0" number="91"/>
						<line hits="0" number="92"/>
						<line hits="0" number="94"/>
						<line hits="1" number="96"/>
						<line hits="0" number="98"/>
						<line hits="0" number="99"/>
						<line hits="1" number="101"/>
						<line hits="0" number="103"/>
						<line hits="0" number="104"/>
						<line hits="0" number="105"/>
						<line hits="0" number="106"/>
						<line hits="0" number="107"/>
						<line hits="1" number="109"/>
						<line branch="true" condition-coverage="50% (1/2)" hits="1" missing-branches="114" number="113"/>
						<line hits="0" number="114"/>
						<line hits="1" number="116"/>
						<line hits="1" number="117"/>
						<line hits="1" number="120"/>
						<line hits="1" number="121"/>
						<line hits="1" number="122"/>
						<line hits="1" number="123"/>
						<line hits="1" number="124"/>
						<line hits="1" number="126"/>
						<line hits="1" number="127"/>
						<line hits="1" number="134"/>
						<line hits="1" number="136"/>
					</lines>
				</class>
			</classes>
		</package>
		<package branch-rate="1" complexity="0" line-rate="1" name=".usr.local.lib.python2.7.dist-packages.django_jenkins.management">
			<classes>
				<class branch-rate="1" complexity="0" filename="/usr/local/lib/python2.7/dist-packages/django_jenkins/management/__init__.py" line-rate="1" name="__init__.py">
					<methods/>
					<lines/>
				</class>
			</classes>
		</package>
		<package branch-rate="0.4524" complexity="0" line-rate="0.7742" name=".usr.local.lib.python2.7.dist-packages.django_jenkins.management.commands">
			<classes>
				<class branch-rate="1" complexity="0" filename="/usr/local/lib/python2.7/dist-packages/django_jenkins/management/commands/__init__.py" line-rate="1" name="__init__.py">
					<methods/>
					<lines/>
				</class>
				<class branch-rate="0.4524" complexity="0" filename="/usr/local/lib/python2.7/dist-packages/django_jenkins/management/commands/jenkins.py" line-rate="0.7742" name="jenkins.py">
					<methods/>
					<lines>
						<line hits="1" number="1"/>
						<line hits="1" number="2"/>
						<line hits="1" number="3"/>
						<line hits="1" number="4"/>
						<line hits="1" number="6"/>
						<line hits="1" number="7"/>
						<line hits="1" number="8"/>
						<line hits="1" number="10"/>
						<line hits="1" number="13"/>
						<line branch="true" condition-coverage="50% (1/2)" hits="1" missing-branches="18" number="14"/>
						<line hits="1" number="15"/>
						<line hits="1" number="18"/>
						<line hits="1" number="19"/>
						<line hits="1" number="20"/>
						<line branch="true" condition-coverage="50% (1/2)" hits="1" missing-branches="23" number="22"/>
						<line hits="0" number="23"/>
						<line hits="1" number="25"/>
						<line hits="1" number="28"/>
						<line hits="1" number="29"/>
						<line hits="1" number="30"/>
						<line hits="1" number="31"/>
						<line hits="1" number="33"/>
						<line hits="1" number="34"/>
						<line hits="1" number="36"/>
						<line hits="1" number="42"/>
						<line branch="true" condition-coverage="100% (2/2)" hits="1" number="43"/>
						<line branch="true" condition-coverage="50% (1/2)" hits="1" missing-branches="45" number="44"/>
						<line hits="0" number="45"/>
						<line hits="0" number="46"/>
						<line hits="1" number="47"/>
						<line hits="1" number="49"/>
						<line hits="1" number="50"/>
						<line hits="1" number="52"/>
						<line hits="1" number="53"/>
						<line hits="1" number="54"/>
						<line hits="1" number="56"/>
						<line hits="1" number="59"/>
						<line hits="1" number="62"/>
						<line hits="1" number="66"/>
						<line hits="1" number="70"/>
						<line hits="1" number="73"/>
						<line hits="1" number="77"/>
						<line branch="true" condition-coverage="50% (1/2)" hits="1" missing-branches="79" number="78"/>
						<line branch="true" condition-coverage="0% (0/2)" hits="0" missing-branches="78,80" number="79"/>
						<line hits="0" number="80"/>
						<line hits="1" number="82"/>
						<line branch="true" condition-coverage="50% (1/2)" hits="1" missing-branches="exit" number="84"/>
						<line hits="1" number="85"/>
						<line hits="1" number="87"/>
						<line hits="1" number="88"/>
						<line hits="1" number="89"/>
						<line branch="true" condition-coverage="50% (1/2)" hits="1" missing-branches="92" number="91"/>
						<line hits="0" number="92"/>
						<line hits="0" number="93"/>
						<line hits="1" number="95"/>
						<line branch="true" condition-coverage="50% (1/2)" hits="1" missing-branches="97" number="96"/>
						<line hits="0" number="97"/>
						<line hits="1" number="99"/>
						<line branch="true" condition-coverage="50% (1/2)" hits="1" missing-branches="102" number="101"/>
						<line hits="0" number="102"/>
						<line hits="1" number="104"/>
						<line branch="true" condition-coverage="50% (1/2)" hits="1" missing-branches="107" number="106"/>
						<line hits="0" number="107"/>
						<line hits="1" number="109"/>
						<line hits="1" number="111"/>
						<line branch="true" condition-coverage="50% (1/2)" hits="1" missing-branches="119" number="112"/>
						<line branch="true" condition-coverage="50% (1/2)" hits="1" missing-branches="116" number="113"/>
						<line hits="1" number="114"/>
						<line hits="1" number="116"/>
						<line branch="true" condition-coverage="0% (0/2)" hits="0" missing-branches="120,124" number="119"/>
						<line branch="true" condition-coverage="0% (0/2)" hits="0" missing-branches="121,122" number="120"/>
						<line hits="0" number="121"/>
						<line hits="0" number="122"/>
						<line branch="true" condition-coverage="0% (0/2)" hits="0" missing-branches="exit,125" number="124"/>
						<line hits="0" number="125"/>
						<line hits="1" number="127"/>
						<line hits="1" number="128"/>
						<line hits="1" number="130"/>
						<line branch="true" condition-coverage="50% (1/2)" hits="1" missing-branches="132" number="131"/>
						<line hits="0" number="132"/>
						<line branch="true" condition-coverage="50% (1/2)" hits="1" missing-branches="134" number="133"/>
						<line hits="0" number="134"/>
						<line branch="true" condition-coverage="50% (1/2)" hits="1" missing-branches="136" number="135"/>
						<line hits="0" number="136"/>
						<line hits="0" number="137"/>
						<line hits="1" number="139"/>
						<line hits="1" number="140"/>
						<line branch="true" condition-coverage="100% (2/2)" hits="1" number="142"/>
						<line hits="1" number="143"/>
						<line branch="true" condition-coverage="50% (1/2)" hits="1" missing-branches="147" number="144"/>
						<line hits="1" number="145"/>
						<line hits="0" number="147"/>
						<line hits="1" number="149"/>
					</lines>
				</class>
			</classes>
		</package>
		<package branch-rate="0" complexity="0" line-rate="0.02326" name=".usr.local.lib.python2.7.dist-packages.django_jenkins.tasks">
			<classes>
				<class branch-rate="0" complexity="0" filename="/usr/local/lib/python2.7/dist-packages/django_jenkins/tasks/with_coverage.py" line-rate="0.02326" name="with_coverage.py">
					<methods/>
					<lines>
						<line hits="0" number="1"/>
						<line hits="0" number="2"/>
						<line hits="0" number="3"/>
						<line hits="0" number="5"/>
						<line hits="0" number="8"/>
						<line hits="0" number="9"/>
						<line hits="0" number="10"/>
						<line hits="0" number="11"/>
						<line hits="0" number="12"/>
						<line hits="0" number="13"/>
						<line branch="true" condition-coverage="0% (0/2)" hits="0" missing-branches="16,18" number="15"/>
						<line hits="0" number="16"/>
						<line hits="0" number="18"/>
						<line branch="true" condition-coverage="0% (0/2)" hits="0" missing-branches="20,23" number="19"/>
						<line branch="true" condition-coverage="0% (0/2)" hits="0" missing-branches="19,21" number="20"/>
						<line hits="0" number="21"/>
						<line hits="0" number="23"/>
						<line hits="0" number="26"/>
						<line hits="0" number="28"/>
						<line hits="1" number="29"/>
						<line hits="0" number="30"/>
						<line hits="0" number="31"/>
						<line branch="true" condition-coverage="0% (0/2)" hits="0" missing-branches="34,35" number="33"/>
						<line hits="0" number="34"/>
						<line branch="true" condition-coverage="0% (0/2)" hits="0" missing-branches="36,37" number="35"/>
						<line hits="0" number="36"/>
						<line branch="true" condition-coverage="0% (0/2)" hits="0" missing-branches="exit,39" number="37"/>
						<line hits="0" number="39"/>
						<line hits="0" number="41"/>
						<line hits="0" number="42"/>
						<line hits="0" number="45"/>
						<line branch="true" condition-coverage="0% (0/2)" hits="0" missing-branches="47,53" number="46"/>
						<line hits="0" number="47"/>
						<line hits="0" number="48"/>
						<line hits="0" number="49"/>
						<line hits="0" number="50"/>
						<line hits="0" number="53"/>
						<line branch="true" condition-coverage="0% (0/3)" hits="0" missing-branches="exit,exit,exit" number="55"/>
						<line hits="0" number="61"/>
						<line hits="0" number="62"/>
						<line branch="true" condition-coverage="0% (0/2)" hits="0" missing-branches="64,65" number="63"/>
						<line hits="0" number="64"/>
						<line hits="0" number="65"/>
					</lines>
				</class>
			</classes>
		</package>
	</packages>
</coverage>
